<?xml version="1.0" encoding="UTF-8"?>
<coverage generated="1763506856824" clover="3.2.0">
  <project timestamp="1763506856824" name="All files">
    <metrics statements="431" coveredstatements="152" conditionals="436" coveredconditionals="155" methods="92" coveredmethods="26" elements="959" coveredelements="333" complexity="0" loc="431" ncloc="431" packages="6" files="11" classes="11"/>
    <package name="config">
      <metrics statements="3" coveredstatements="3" conditionals="6" coveredconditionals="3" methods="0" coveredmethods="0"/>
      <file name="index.js" path="C:\Users\barri\OneDrive\Documentos\GitHub\Aqua-data\src\config\index.js">
        <metrics statements="3" coveredstatements="3" conditionals="6" coveredconditionals="3" methods="0" coveredmethods="0"/>
        <line num="1" count="2" type="stmt"/>
        <line num="3" count="2" type="stmt"/>
        <line num="9" count="2" type="stmt"/>
      </file>
    </package>
    <package name="controllers">
      <metrics statements="32" coveredstatements="6" conditionals="13" coveredconditionals="0" methods="3" coveredmethods="0"/>
      <file name="cosechaController.js" path="C:\Users\barri\OneDrive\Documentos\GitHub\Aqua-data\src\controllers\cosechaController.js">
        <metrics statements="14" coveredstatements="2" conditionals="10" coveredconditionals="0" methods="1" coveredmethods="0"/>
        <line num="1" count="1" type="stmt"/>
        <line num="17" count="0" type="stmt"/>
        <line num="19" count="0" type="stmt"/>
        <line num="22" count="0" type="stmt"/>
        <line num="23" count="0" type="cond" truecount="0" falsecount="2"/>
        <line num="24" count="0" type="cond" truecount="0" falsecount="2"/>
        <line num="25" count="0" type="cond" truecount="0" falsecount="2"/>
        <line num="28" count="0" type="stmt"/>
        <line num="31" count="0" type="cond" truecount="0" falsecount="2"/>
        <line num="32" count="0" type="cond" truecount="0" falsecount="2"/>
        <line num="36" count="0" type="stmt"/>
        <line num="39" count="0" type="stmt"/>
        <line num="40" count="0" type="stmt"/>
        <line num="52" count="1" type="stmt"/>
      </file>
      <file name="exploradorController.js" path="C:\Users\barri\OneDrive\Documentos\GitHub\Aqua-data\src\controllers\exploradorController.js">
        <metrics statements="10" coveredstatements="2" conditionals="2" coveredconditionals="0" methods="1" coveredmethods="0"/>
        <line num="1" count="1" type="stmt"/>
        <line num="21" count="0" type="stmt"/>
        <line num="22" count="0" type="stmt"/>
        <line num="24" count="0" type="cond" truecount="0" falsecount="2"/>
        <line num="25" count="0" type="stmt"/>
        <line num="32" count="0" type="stmt"/>
        <line num="34" count="0" type="stmt"/>
        <line num="37" count="0" type="stmt"/>
        <line num="38" count="0" type="stmt"/>
        <line num="47" count="1" type="stmt"/>
      </file>
      <file name="generalController.js" path="C:\Users\barri\OneDrive\Documentos\GitHub\Aqua-data\src\controllers\generalController.js">
        <metrics statements="8" coveredstatements="2" conditionals="1" coveredconditionals="0" methods="1" coveredmethods="0"/>
        <line num="1" count="1" type="stmt"/>
        <line num="15" count="0" type="stmt"/>
        <line num="16" count="0" type="cond" truecount="0" falsecount="1"/>
        <line num="18" count="0" type="stmt"/>
        <line num="20" count="0" type="stmt"/>
        <line num="23" count="0" type="stmt"/>
        <line num="24" count="0" type="stmt"/>
        <line num="33" count="1" type="stmt"/>
      </file>
    </package>
    <package name="data">
      <metrics statements="14" coveredstatements="5" conditionals="6" coveredconditionals="0" methods="8" coveredmethods="1"/>
      <file name="dataStore.js" path="C:\Users\barri\OneDrive\Documentos\GitHub\Aqua-data\src\data\dataStore.js">
        <metrics statements="14" coveredstatements="5" conditionals="6" coveredconditionals="0" methods="8" coveredmethods="1"/>
        <line num="7" count="2" type="stmt"/>
        <line num="8" count="2" type="stmt"/>
        <line num="9" count="2" type="stmt"/>
        <line num="16" count="0" type="stmt"/>
        <line num="24" count="0" type="stmt"/>
        <line num="32" count="0" type="stmt"/>
        <line num="40" count="0" type="stmt"/>
        <line num="48" count="0" type="stmt"/>
        <line num="56" count="0" type="stmt"/>
        <line num="64" count="0" type="stmt"/>
        <line num="85" count="1" type="cond" truecount="0" falsecount="2"/>
        <line num="86" count="0" type="cond" truecount="0" falsecount="2"/>
        <line num="87" count="0" type="cond" truecount="0" falsecount="2"/>
        <line num="90" count="2" type="stmt"/>
      </file>
    </package>
    <package name="routes">
      <metrics statements="9" coveredstatements="9" conditionals="0" coveredconditionals="0" methods="0" coveredmethods="0"/>
      <file name="v1Routes.js" path="C:\Users\barri\OneDrive\Documentos\GitHub\Aqua-data\src\routes\v1Routes.js">
        <metrics statements="9" coveredstatements="9" conditionals="0" coveredconditionals="0" methods="0" coveredmethods="0"/>
        <line num="1" count="1" type="stmt"/>
        <line num="2" count="1" type="stmt"/>
        <line num="3" count="1" type="stmt"/>
        <line num="4" count="1" type="stmt"/>
        <line num="5" count="1" type="stmt"/>
        <line num="14" count="1" type="stmt"/>
        <line num="29" count="1" type="stmt"/>
        <line num="40" count="1" type="stmt"/>
        <line num="42" count="1" type="stmt"/>
      </file>
    </package>
    <package name="services">
      <metrics statements="277" coveredstatements="38" conditionals="251" coveredconditionals="10" methods="63" coveredmethods="7"/>
      <file name="cosechaService.js" path="C:\Users\barri\OneDrive\Documentos\GitHub\Aqua-data\src\services\cosechaService.js">
        <metrics statements="60" coveredstatements="3" conditionals="50" coveredconditionals="0" methods="14" coveredmethods="0"/>
        <line num="1" count="1" type="stmt"/>
        <line num="8" count="1" type="stmt"/>
        <line num="20" count="0" type="stmt"/>
        <line num="23" count="0" type="cond" truecount="0" falsecount="2"/>
        <line num="24" count="0" type="stmt"/>
        <line num="25" count="0" type="cond" truecount="0" falsecount="2"/>
        <line num="29" count="0" type="cond" truecount="0" falsecount="2"/>
        <line num="30" count="0" type="stmt"/>
        <line num="34" count="0" type="cond" truecount="0" falsecount="2"/>
        <line num="35" count="0" type="stmt"/>
        <line num="38" count="0" type="stmt"/>
        <line num="50" count="0" type="stmt"/>
        <line num="63" count="0" type="cond" truecount="0" falsecount="9"/>
        <line num="68" count="0" type="cond" truecount="0" falsecount="4"/>
        <line num="77" count="0" type="cond" truecount="0" falsecount="5"/>
        <line num="86" count="0" type="cond" truecount="0" falsecount="3"/>
        <line num="95" count="0" type="stmt"/>
        <line num="97" count="0" type="stmt"/>
        <line num="99" count="0" type="cond" truecount="0" falsecount="4"/>
        <line num="100" count="0" type="stmt"/>
        <line num="110" count="0" type="stmt"/>
        <line num="113" count="0" type="stmt"/>
        <line num="115" count="0" type="cond" truecount="0" falsecount="2"/>
        <line num="116" count="0" type="stmt"/>
        <line num="127" count="0" type="stmt"/>
        <line num="130" count="0" type="stmt"/>
        <line num="133" count="0" type="stmt"/>
        <line num="135" count="0" type="stmt"/>
        <line num="144" count="0" type="stmt"/>
        <line num="145" count="0" type="stmt"/>
        <line num="161" count="0" type="stmt"/>
        <line num="162" count="0" type="stmt"/>
        <line num="163" count="0" type="stmt"/>
        <line num="165" count="0" type="stmt"/>
        <line num="167" count="0" type="stmt"/>
        <line num="170" count="0" type="stmt"/>
        <line num="171" count="0" type="cond" truecount="0" falsecount="4"/>
        <line num="172" count="0" type="stmt"/>
        <line num="176" count="0" type="stmt"/>
        <line num="177" count="0" type="cond" truecount="0" falsecount="4"/>
        <line num="178" count="0" type="stmt"/>
        <line num="182" count="0" type="stmt"/>
        <line num="195" count="0" type="stmt"/>
        <line num="197" count="0" type="stmt"/>
        <line num="198" count="0" type="stmt"/>
        <line num="199" count="0" type="stmt"/>
        <line num="201" count="0" type="cond" truecount="0" falsecount="2"/>
        <line num="202" count="0" type="stmt"/>
        <line num="204" count="0" type="stmt"/>
        <line num="209" count="0" type="stmt"/>
        <line num="210" count="0" type="stmt"/>
        <line num="216" count="0" type="stmt"/>
        <line num="217" count="0" type="stmt"/>
        <line num="218" count="0" type="cond" truecount="0" falsecount="4"/>
        <line num="219" count="0" type="stmt"/>
        <line num="221" count="0" type="stmt"/>
        <line num="224" count="0" type="stmt"/>
        <line num="235" count="0" type="stmt"/>
        <line num="238" count="0" type="stmt"/>
        <line num="245" count="1" type="stmt"/>
      </file>
      <file name="dataLoaderService.js" path="C:\Users\barri\OneDrive\Documentos\GitHub\Aqua-data\src\services\dataLoaderService.js">
        <metrics statements="54" coveredstatements="29" conditionals="20" coveredconditionals="10" methods="14" coveredmethods="7"/>
        <line num="1" count="2" type="stmt"/>
        <line num="2" count="2" type="stmt"/>
        <line num="3" count="2" type="stmt"/>
        <line num="4" count="2" type="stmt"/>
        <line num="10" count="2" type="stmt"/>
        <line num="23" count="0" type="stmt"/>
        <line num="24" count="0" type="stmt"/>
        <line num="25" count="0" type="stmt"/>
        <line num="28" count="0" type="cond" truecount="0" falsecount="2"/>
        <line num="29" count="0" type="stmt"/>
        <line num="30" count="0" type="stmt"/>
        <line num="33" count="0" type="stmt"/>
        <line num="35" count="0" type="stmt"/>
        <line num="39" count="0" type="cond" truecount="0" falsecount="2"/>
        <line num="40" count="0" type="stmt"/>
        <line num="43" count="0" type="stmt"/>
        <line num="44" count="0" type="stmt"/>
        <line num="47" count="0" type="stmt"/>
        <line num="48" count="0" type="stmt"/>
        <line num="59" count="351826" type="stmt"/>
        <line num="68" count="274248" type="stmt"/>
        <line num="77" count="235396" type="stmt"/>
        <line num="85" count="2" type="stmt"/>
        <line num="86" count="2" type="stmt"/>
        <line num="89" count="2" type="stmt"/>
        <line num="91" count="2" type="stmt"/>
        <line num="106" count="0" type="stmt"/>
        <line num="108" count="0" type="stmt"/>
        <line num="114" count="0" type="stmt"/>
        <line num="115" count="0" type="stmt"/>
        <line num="127" count="8" type="stmt"/>
        <line num="128" count="8" type="stmt"/>
        <line num="129" count="8" type="stmt"/>
        <line num="130" count="8" type="stmt"/>
        <line num="133" count="8" type="cond" truecount="2" falsecount="0"/>
        <line num="134" count="2" type="stmt"/>
        <line num="135" count="2" type="stmt"/>
        <line num="138" count="6" type="stmt"/>
        <line num="140" count="6" type="stmt"/>
        <line num="143" count="861469" type="stmt"/>
        <line num="146" count="861469" type="cond" truecount="1" falsecount="1"/>
        <line num="149" count="861469" type="cond" truecount="1" falsecount="1"/>
        <line num="150" count="861469" type="cond" truecount="3" falsecount="0"/>
        <line num="151" count="861469" type="cond" truecount="2" falsecount="0"/>
        <line num="152" count="246265" type="stmt"/>
        <line num="154" count="615204" type="stmt"/>
        <line num="157" count="0" type="stmt"/>
        <line num="161" count="0" type="cond" truecount="0" falsecount="2"/>
        <line num="162" count="0" type="stmt"/>
        <line num="164" count="0" type="stmt"/>
        <line num="166" count="0" type="stmt"/>
        <line num="169" count="0" type="stmt"/>
        <line num="170" count="0" type="stmt"/>
        <line num="176" count="2" type="stmt"/>
      </file>
      <file name="exploradorService.js" path="C:\Users\barri\OneDrive\Documentos\GitHub\Aqua-data\src\services\exploradorService.js">
        <metrics statements="95" coveredstatements="3" conditionals="123" coveredconditionals="0" methods="17" coveredmethods="0"/>
        <line num="1" count="1" type="stmt"/>
        <line num="8" count="1" type="stmt"/>
        <line num="20" count="0" type="cond" truecount="0" falsecount="12"/>
        <line num="25" count="0" type="stmt"/>
        <line num="31" count="0" type="stmt"/>
        <line num="36" count="0" type="stmt"/>
        <line num="39" count="0" type="stmt"/>
        <line num="49" count="0" type="stmt"/>
        <line num="51" count="0" type="cond" truecount="0" falsecount="2"/>
        <line num="52" count="0" type="stmt"/>
        <line num="55" count="0" type="cond" truecount="0" falsecount="4"/>
        <line num="56" count="0" type="cond" truecount="0" falsecount="2"/>
        <line num="57" count="0" type="cond" truecount="0" falsecount="2"/>
        <line num="60" count="0" type="cond" truecount="0" falsecount="2"/>
        <line num="61" count="0" type="stmt"/>
        <line num="62" count="0" type="cond" truecount="0" falsecount="4"/>
        <line num="65" count="0" type="cond" truecount="0" falsecount="2"/>
        <line num="66" count="0" type="stmt"/>
        <line num="69" count="0" type="cond" truecount="0" falsecount="2"/>
        <line num="70" count="0" type="stmt"/>
        <line num="73" count="0" type="cond" truecount="0" falsecount="2"/>
        <line num="74" count="0" type="stmt"/>
        <line num="77" count="0" type="stmt"/>
        <line num="87" count="0" type="cond" truecount="0" falsecount="4"/>
        <line num="88" count="0" type="stmt"/>
        <line num="91" count="0" type="stmt"/>
        <line num="93" count="0" type="stmt"/>
        <line num="94" count="0" type="cond" truecount="0" falsecount="3"/>
        <line num="95" count="0" type="stmt"/>
        <line num="106" count="0" type="stmt"/>
        <line num="113" count="0" type="stmt"/>
        <line num="114" count="0" type="cond" truecount="0" falsecount="4"/>
        <line num="115" count="0" type="cond" truecount="0" falsecount="2"/>
        <line num="118" count="0" type="cond" truecount="0" falsecount="4"/>
        <line num="119" count="0" type="cond" truecount="0" falsecount="2"/>
        <line num="120" count="0" type="stmt"/>
        <line num="123" count="0" type="cond" truecount="0" falsecount="4"/>
        <line num="124" count="0" type="cond" truecount="0" falsecount="2"/>
        <line num="129" count="0" type="cond" truecount="0" falsecount="4"/>
        <line num="130" count="0" type="stmt"/>
        <line num="131" count="0" type="cond" truecount="0" falsecount="2"/>
        <line num="133" count="0" type="cond" truecount="0" falsecount="2"/>
        <line num="134" count="0" type="stmt"/>
        <line num="135" count="0" type="cond" truecount="0" falsecount="2"/>
        <line num="137" count="0" type="stmt"/>
        <line num="138" count="0" type="cond" truecount="0" falsecount="2"/>
        <line num="140" count="0" type="cond" truecount="0" falsecount="2"/>
        <line num="141" count="0" type="stmt"/>
        <line num="142" count="0" type="stmt"/>
        <line num="143" count="0" type="cond" truecount="0" falsecount="2"/>
        <line num="145" count="0" type="stmt"/>
        <line num="148" count="0" type="stmt"/>
        <line num="167" count="0" type="stmt"/>
        <line num="170" count="0" type="stmt"/>
        <line num="173" count="0" type="stmt"/>
        <line num="175" count="0" type="stmt"/>
        <line num="176" count="0" type="cond" truecount="0" falsecount="3"/>
        <line num="177" count="0" type="cond" truecount="0" falsecount="3"/>
        <line num="179" count="0" type="stmt"/>
        <line num="181" count="0" type="cond" truecount="0" falsecount="4"/>
        <line num="182" count="0" type="cond" truecount="0" falsecount="2"/>
        <line num="183" count="0" type="cond" truecount="0" falsecount="2"/>
        <line num="184" count="0" type="cond" truecount="0" falsecount="3"/>
        <line num="188" count="0" type="cond" truecount="0" falsecount="2"/>
        <line num="189" count="0" type="cond" truecount="0" falsecount="2"/>
        <line num="193" count="0" type="cond" truecount="0" falsecount="4"/>
        <line num="194" count="0" type="cond" truecount="0" falsecount="2"/>
        <line num="198" count="0" type="stmt"/>
        <line num="200" count="0" type="stmt"/>
        <line num="201" count="0" type="stmt"/>
        <line num="204" count="0" type="stmt"/>
        <line num="205" count="0" type="stmt"/>
        <line num="217" count="0" type="stmt"/>
        <line num="218" count="0" type="stmt"/>
        <line num="220" count="0" type="cond" truecount="0" falsecount="2"/>
        <line num="221" count="0" type="stmt"/>
        <line num="228" count="0" type="stmt"/>
        <line num="230" count="0" type="cond" truecount="0" falsecount="4"/>
        <line num="231" count="0" type="stmt"/>
        <line num="241" count="0" type="stmt"/>
        <line num="244" count="0" type="stmt"/>
        <line num="247" count="0" type="cond" truecount="0" falsecount="2"/>
        <line num="248" count="0" type="stmt"/>
        <line num="252" count="0" type="stmt"/>
        <line num="253" count="0" type="stmt"/>
        <line num="255" count="0" type="cond" truecount="0" falsecount="2"/>
        <line num="256" count="0" type="stmt"/>
        <line num="259" count="0" type="cond" truecount="0" falsecount="2"/>
        <line num="260" count="0" type="stmt"/>
        <line num="276" count="0" type="stmt"/>
        <line num="279" count="0" type="stmt"/>
        <line num="281" count="0" type="stmt"/>
        <line num="290" count="0" type="stmt"/>
        <line num="291" count="0" type="stmt"/>
        <line num="300" count="1" type="stmt"/>
      </file>
      <file name="generalService.js" path="C:\Users\barri\OneDrive\Documentos\GitHub\Aqua-data\src\services\generalService.js">
        <metrics statements="68" coveredstatements="3" conditionals="58" coveredconditionals="0" methods="18" coveredmethods="0"/>
        <line num="1" count="1" type="stmt"/>
        <line num="7" count="1" type="stmt"/>
        <line num="20" count="0" type="cond" truecount="0" falsecount="4"/>
        <line num="21" count="0" type="stmt"/>
        <line num="24" count="0" type="stmt"/>
        <line num="26" count="0" type="stmt"/>
        <line num="27" count="0" type="cond" truecount="0" falsecount="3"/>
        <line num="28" count="0" type="stmt"/>
        <line num="38" count="0" type="stmt"/>
        <line num="39" count="0" type="cond" truecount="0" falsecount="2"/>
        <line num="40" count="0" type="stmt"/>
        <line num="50" count="0" type="stmt"/>
        <line num="51" count="0" type="cond" truecount="0" falsecount="3"/>
        <line num="52" count="0" type="stmt"/>
        <line num="62" count="0" type="stmt"/>
        <line num="64" count="0" type="stmt"/>
        <line num="65" count="0" type="cond" truecount="0" falsecount="2"/>
        <line num="66" count="0" type="cond" truecount="0" falsecount="2"/>
        <line num="67" count="0" type="stmt"/>
        <line num="71" count="0" type="stmt"/>
        <line num="81" count="0" type="stmt"/>
        <line num="83" count="0" type="stmt"/>
        <line num="84" count="0" type="cond" truecount="0" falsecount="3"/>
        <line num="85" count="0" type="cond" truecount="0" falsecount="4"/>
        <line num="87" count="0" type="cond" truecount="0" falsecount="4"/>
        <line num="88" count="0" type="stmt"/>
        <line num="95" count="0" type="stmt"/>
        <line num="96" count="0" type="stmt"/>
        <line num="100" count="0" type="stmt"/>
        <line num="111" count="0" type="stmt"/>
        <line num="114" count="0" type="stmt"/>
        <line num="115" count="0" type="cond" truecount="0" falsecount="3"/>
        <line num="116" count="0" type="cond" truecount="0" falsecount="2"/>
        <line num="117" count="0" type="cond" truecount="0" falsecount="2"/>
        <line num="118" count="0" type="stmt"/>
        <line num="120" count="0" type="cond" truecount="0" falsecount="2"/>
        <line num="121" count="0" type="stmt"/>
        <line num="126" count="0" type="stmt"/>
        <line num="127" count="0" type="stmt"/>
        <line num="128" count="0" type="cond" truecount="0" falsecount="3"/>
        <line num="129" count="0" type="cond" truecount="0" falsecount="2"/>
        <line num="131" count="0" type="cond" truecount="0" falsecount="4"/>
        <line num="132" count="0" type="cond" truecount="0" falsecount="2"/>
        <line num="133" count="0" type="stmt"/>
        <line num="135" count="0" type="stmt"/>
        <line num="140" count="0" type="stmt"/>
        <line num="141" count="0" type="cond" truecount="0" falsecount="2"/>
        <line num="142" count="0" type="stmt"/>
        <line num="146" count="0" type="stmt"/>
        <line num="147" count="0" type="stmt"/>
        <line num="156" count="0" type="stmt"/>
        <line num="158" count="0" type="stmt"/>
        <line num="159" count="0" type="stmt"/>
        <line num="160" count="0" type="stmt"/>
        <line num="162" count="0" type="cond" truecount="0" falsecount="5"/>
        <line num="163" count="0" type="stmt"/>
        <line num="178" count="0" type="stmt"/>
        <line num="179" count="0" type="stmt"/>
        <line num="180" count="0" type="stmt"/>
        <line num="183" count="0" type="stmt"/>
        <line num="184" count="0" type="stmt"/>
        <line num="185" count="0" type="stmt"/>
        <line num="188" count="0" type="stmt"/>
        <line num="191" count="0" type="stmt"/>
        <line num="193" count="0" type="stmt"/>
        <line num="206" count="0" type="stmt"/>
        <line num="207" count="0" type="stmt"/>
        <line num="223" count="1" type="stmt"/>
      </file>
    </package>
    <package name="utils">
      <metrics statements="96" coveredstatements="91" conditionals="160" coveredconditionals="142" methods="18" coveredmethods="18"/>
      <file name="normalizar.js" path="C:\Users\barri\OneDrive\Documentos\GitHub\Aqua-data\src\utils\normalizar.js">
        <metrics statements="96" coveredstatements="91" conditionals="160" coveredconditionals="142" methods="18" coveredmethods="18"/>
        <line num="12" count="4423811" type="cond" truecount="5" falsecount="0"/>
        <line num="13" count="1764338" type="stmt"/>
        <line num="15" count="2659473" type="stmt"/>
        <line num="25" count="861469" type="cond" truecount="2" falsecount="0"/>
        <line num="27" count="626073" type="stmt"/>
        <line num="30" count="626073" type="cond" truecount="7" falsecount="0"/>
        <line num="35" count="204200" type="stmt"/>
        <line num="39" count="421873" type="cond" truecount="8" falsecount="0"/>
        <line num="45" count="20585" type="stmt"/>
        <line num="49" count="401288" type="cond" truecount="9" falsecount="0"/>
        <line num="56" count="21480" type="stmt"/>
        <line num="60" count="379808" type="stmt"/>
        <line num="69" count="861469" type="stmt"/>
        <line num="70" count="861469" type="cond" truecount="3" falsecount="0"/>
        <line num="82" count="1371133" type="cond" truecount="5" falsecount="0"/>
        <line num="83" count="1019292" type="stmt"/>
        <line num="87" count="351841" type="stmt"/>
        <line num="89" count="351841" type="cond" truecount="6" falsecount="0"/>
        <line num="90" count="1" type="stmt"/>
        <line num="95" count="351840" type="stmt"/>
        <line num="96" count="351840" type="stmt"/>
        <line num="98" count="351840" type="cond" truecount="4" falsecount="0"/>
        <line num="100" count="3" type="stmt"/>
        <line num="101" count="3" type="stmt"/>
        <line num="103" count="3" type="cond" truecount="2" falsecount="0"/>
        <line num="105" count="2" type="stmt"/>
        <line num="108" count="1" type="stmt"/>
        <line num="110" count="351837" type="cond" truecount="2" falsecount="0"/>
        <line num="113" count="4" type="stmt"/>
        <line num="114" count="4" type="cond" truecount="3" falsecount="1"/>
        <line num="115" count="4" type="stmt"/>
        <line num="117" count="0" type="stmt"/>
        <line num="122" count="351840" type="stmt"/>
        <line num="125" count="351840" type="cond" truecount="4" falsecount="0"/>
        <line num="126" count="1" type="stmt"/>
        <line num="129" count="351839" type="stmt"/>
        <line num="138" count="4307401" type="cond" truecount="5" falsecount="0"/>
        <line num="139" count="1999735" type="stmt"/>
        <line num="142" count="2307666" type="stmt"/>
        <line num="144" count="2307666" type="cond" truecount="5" falsecount="1"/>
        <line num="145" count="0" type="stmt"/>
        <line num="148" count="2307666" type="stmt"/>
        <line num="150" count="2307666" type="cond" truecount="4" falsecount="0"/>
        <line num="151" count="3" type="stmt"/>
        <line num="154" count="2307663" type="stmt"/>
        <line num="163" count="861482" type="stmt"/>
        <line num="165" count="861482" type="cond" truecount="4" falsecount="0"/>
        <line num="166" count="235401" type="stmt"/>
        <line num="169" count="626081" type="stmt"/>
        <line num="178" count="861481" type="stmt"/>
        <line num="180" count="861481" type="cond" truecount="4" falsecount="0"/>
        <line num="181" count="235402" type="stmt"/>
        <line num="184" count="626079" type="stmt"/>
        <line num="193" count="351828" type="stmt"/>
        <line num="214" count="274249" type="stmt"/>
        <line num="235" count="235396" type="stmt"/>
        <line num="258" count="7" type="cond" truecount="2" falsecount="0"/>
        <line num="259" count="1" type="stmt"/>
        <line num="262" count="6" type="stmt"/>
        <line num="264" count="20" type="cond" truecount="5" falsecount="0"/>
        <line num="265" count="12" type="stmt"/>
        <line num="266" count="12" type="cond" truecount="4" falsecount="0"/>
        <line num="267" count="8" type="stmt"/>
        <line num="272" count="12" type="cond" truecount="4" falsecount="0"/>
        <line num="273" count="6" type="stmt"/>
        <line num="274" count="6" type="cond" truecount="2" falsecount="0"/>
        <line num="275" count="1" type="stmt"/>
        <line num="280" count="11" type="cond" truecount="4" falsecount="0"/>
        <line num="281" count="4" type="stmt"/>
        <line num="282" count="4" type="cond" truecount="2" falsecount="0"/>
        <line num="283" count="2" type="stmt"/>
        <line num="288" count="9" type="cond" truecount="2" falsecount="3"/>
        <line num="289" count="0" type="stmt"/>
        <line num="290" count="0" type="cond" truecount="0" falsecount="4"/>
        <line num="291" count="0" type="stmt"/>
        <line num="295" count="9" type="stmt"/>
        <line num="307" count="5" type="cond" truecount="4" falsecount="0"/>
        <line num="308" count="1" type="stmt"/>
        <line num="311" count="4" type="stmt"/>
        <line num="313" count="4" type="stmt"/>
        <line num="314" count="13" type="cond" truecount="6" falsecount="0"/>
        <line num="315" count="10" type="stmt"/>
        <line num="319" count="4" type="stmt"/>
        <line num="329" count="5" type="cond" truecount="4" falsecount="0"/>
        <line num="330" count="1" type="stmt"/>
        <line num="333" count="4" type="stmt"/>
        <line num="335" count="4" type="stmt"/>
        <line num="336" count="12" type="stmt"/>
        <line num="337" count="12" type="cond" truecount="5" falsecount="1"/>
        <line num="338" count="12" type="cond" truecount="2" falsecount="0"/>
        <line num="339" count="8" type="stmt"/>
        <line num="341" count="12" type="cond" truecount="1" falsecount="1"/>
        <line num="345" count="4" type="stmt"/>
        <line num="346" count="8" type="stmt"/>
        <line num="347" count="9" type="stmt"/>
        <line num="350" count="3" type="stmt"/>
      </file>
    </package>
  </project>
</coverage>
