{"C:\\Users\\barri\\OneDrive\\Documentos\\GitHub\\Aqua-data\\src\\config\\index.js": {"path":"C:\\Users\\barri\\OneDrive\\Documentos\\GitHub\\Aqua-data\\src\\config\\index.js","statementMap":{"0":{"start":{"line":1,"column":0},"end":{"line":1,"column":27}},"1":{"start":{"line":3,"column":15},"end":{"line":7,"column":1}},"2":{"start":{"line":9,"column":0},"end":{"line":9,"column":24}}},"fnMap":{},"branchMap":{"0":{"loc":{"start":{"line":4,"column":8},"end":{"line":4,"column":32}},"type":"binary-expr","locations":[{"start":{"line":4,"column":8},"end":{"line":4,"column":24}},{"start":{"line":4,"column":28},"end":{"line":4,"column":32}}],"line":4},"1":{"loc":{"start":{"line":5,"column":15},"end":{"line":5,"column":61}},"type":"binary-expr","locations":[{"start":{"line":5,"column":15},"end":{"line":5,"column":40}},{"start":{"line":5,"column":44},"end":{"line":5,"column":61}}],"line":5},"2":{"loc":{"start":{"line":6,"column":11},"end":{"line":6,"column":48}},"type":"binary-expr","locations":[{"start":{"line":6,"column":11},"end":{"line":6,"column":31}},{"start":{"line":6,"column":35},"end":{"line":6,"column":48}}],"line":6}},"s":{"0":2,"1":2,"2":2},"f":{},"b":{"0":[2,0],"1":[2,0],"2":[2,0]},"_coverageSchema":"1a1c01bbd47fc00a2c39e90264f33305004495a9","hash":"de749c5a38fb8049f9bb643d937432f37dc015ec"}
,"C:\\Users\\barri\\OneDrive\\Documentos\\GitHub\\Aqua-data\\src\\controllers\\cosechaController.js": {"path":"C:\\Users\\barri\\OneDrive\\Documentos\\GitHub\\Aqua-data\\src\\controllers\\cosechaController.js","statementMap":{"0":{"start":{"line":1,"column":23},"end":{"line":1,"column":60}},"1":{"start":{"line":17,"column":4},"end":{"line":48,"column":5}},"2":{"start":{"line":19,"column":40},"end":{"line":19,"column":49}},"3":{"start":{"line":22,"column":22},"end":{"line":22,"column":24}},"4":{"start":{"line":23,"column":6},"end":{"line":23,"column":36}},"5":{"start":{"line":23,"column":16},"end":{"line":23,"column":36}},"6":{"start":{"line":24,"column":6},"end":{"line":24,"column":42}},"7":{"start":{"line":24,"column":18},"end":{"line":24,"column":42}},"8":{"start":{"line":25,"column":6},"end":{"line":25,"column":45}},"9":{"start":{"line":25,"column":19},"end":{"line":25,"column":45}},"10":{"start":{"line":28,"column":24},"end":{"line":28,"column":64}},"11":{"start":{"line":31,"column":6},"end":{"line":33,"column":7}},"12":{"start":{"line":32,"column":8},"end":{"line":32,"column":71}},"13":{"start":{"line":36,"column":6},"end":{"line":36,"column":26}},"14":{"start":{"line":39,"column":6},"end":{"line":39,"column":52}},"15":{"start":{"line":40,"column":6},"end":{"line":47,"column":9}},"16":{"start":{"line":52,"column":0},"end":{"line":52,"column":35}}},"fnMap":{"0":{"name":"(anonymous_0)","decl":{"start":{"line":16,"column":2},"end":{"line":16,"column":3}},"loc":{"start":{"line":16,"column":31},"end":{"line":49,"column":3}},"line":16}},"branchMap":{"0":{"loc":{"start":{"line":23,"column":6},"end":{"line":23,"column":36}},"type":"if","locations":[{"start":{"line":23,"column":6},"end":{"line":23,"column":36}},{"start":{},"end":{}}],"line":23},"1":{"loc":{"start":{"line":24,"column":6},"end":{"line":24,"column":42}},"type":"if","locations":[{"start":{"line":24,"column":6},"end":{"line":24,"column":42}},{"start":{},"end":{}}],"line":24},"2":{"loc":{"start":{"line":25,"column":6},"end":{"line":25,"column":45}},"type":"if","locations":[{"start":{"line":25,"column":6},"end":{"line":25,"column":45}},{"start":{},"end":{}}],"line":25},"3":{"loc":{"start":{"line":31,"column":6},"end":{"line":33,"column":7}},"type":"if","locations":[{"start":{"line":31,"column":6},"end":{"line":33,"column":7}},{"start":{},"end":{}}],"line":31},"4":{"loc":{"start":{"line":32,"column":26},"end":{"line":32,"column":53}},"type":"cond-expr","locations":[{"start":{"line":32,"column":44},"end":{"line":32,"column":47}},{"start":{"line":32,"column":50},"end":{"line":32,"column":53}}],"line":32}},"s":{"0":1,"1":0,"2":0,"3":0,"4":0,"5":0,"6":0,"7":0,"8":0,"9":0,"10":0,"11":0,"12":0,"13":0,"14":0,"15":0,"16":1},"f":{"0":0},"b":{"0":[0,0],"1":[0,0],"2":[0,0],"3":[0,0],"4":[0,0]},"_coverageSchema":"1a1c01bbd47fc00a2c39e90264f33305004495a9","hash":"6d204dcbd9dcfa3b0601b5ae71cb2b330fb5160c"}
,"C:\\Users\\barri\\OneDrive\\Documentos\\GitHub\\Aqua-data\\src\\controllers\\exploradorController.js": {"path":"C:\\Users\\barri\\OneDrive\\Documentos\\GitHub\\Aqua-data\\src\\controllers\\exploradorController.js","statementMap":{"0":{"start":{"line":1,"column":26},"end":{"line":1,"column":66}},"1":{"start":{"line":21,"column":4},"end":{"line":43,"column":5}},"2":{"start":{"line":22,"column":40},"end":{"line":22,"column":49}},"3":{"start":{"line":24,"column":6},"end":{"line":30,"column":7}},"4":{"start":{"line":25,"column":8},"end":{"line":29,"column":11}},"5":{"start":{"line":32,"column":24},"end":{"line":32,"column":75}},"6":{"start":{"line":34,"column":6},"end":{"line":34,"column":26}},"7":{"start":{"line":37,"column":6},"end":{"line":37,"column":54}},"8":{"start":{"line":38,"column":6},"end":{"line":42,"column":9}},"9":{"start":{"line":47,"column":0},"end":{"line":47,"column":38}}},"fnMap":{"0":{"name":"(anonymous_0)","decl":{"start":{"line":20,"column":2},"end":{"line":20,"column":3}},"loc":{"start":{"line":20,"column":39},"end":{"line":44,"column":3}},"line":20}},"branchMap":{"0":{"loc":{"start":{"line":24,"column":6},"end":{"line":30,"column":7}},"type":"if","locations":[{"start":{"line":24,"column":6},"end":{"line":30,"column":7}},{"start":{},"end":{}}],"line":24}},"s":{"0":1,"1":0,"2":0,"3":0,"4":0,"5":0,"6":0,"7":0,"8":0,"9":1},"f":{"0":0},"b":{"0":[0,0]},"_coverageSchema":"1a1c01bbd47fc00a2c39e90264f33305004495a9","hash":"6468c5331b3d69d6d394c23d3034760423597354"}
,"C:\\Users\\barri\\OneDrive\\Documentos\\GitHub\\Aqua-data\\src\\controllers\\generalController.js": {"path":"C:\\Users\\barri\\OneDrive\\Documentos\\GitHub\\Aqua-data\\src\\controllers\\generalController.js","statementMap":{"0":{"start":{"line":1,"column":23},"end":{"line":1,"column":60}},"1":{"start":{"line":15,"column":4},"end":{"line":29,"column":5}},"2":{"start":{"line":16,"column":35},"end":{"line":16,"column":44}},"3":{"start":{"line":18,"column":24},"end":{"line":18,"column":70}},"4":{"start":{"line":20,"column":6},"end":{"line":20,"column":26}},"5":{"start":{"line":23,"column":6},"end":{"line":23,"column":59}},"6":{"start":{"line":24,"column":6},"end":{"line":28,"column":9}},"7":{"start":{"line":33,"column":0},"end":{"line":33,"column":35}}},"fnMap":{"0":{"name":"(anonymous_0)","decl":{"start":{"line":14,"column":2},"end":{"line":14,"column":3}},"loc":{"start":{"line":14,"column":44},"end":{"line":30,"column":3}},"line":14}},"branchMap":{"0":{"loc":{"start":{"line":16,"column":14},"end":{"line":16,"column":30}},"type":"default-arg","locations":[{"start":{"line":16,"column":23},"end":{"line":16,"column":30}}],"line":16}},"s":{"0":1,"1":0,"2":0,"3":0,"4":0,"5":0,"6":0,"7":1},"f":{"0":0},"b":{"0":[0]},"_coverageSchema":"1a1c01bbd47fc00a2c39e90264f33305004495a9","hash":"2a52d5346a91fe58171361ce1cc308788a2cd240"}
,"C:\\Users\\barri\\OneDrive\\Documentos\\GitHub\\Aqua-data\\src\\data\\dataStore.js": {"path":"C:\\Users\\barri\\OneDrive\\Documentos\\GitHub\\Aqua-data\\src\\data\\dataStore.js","statementMap":{"0":{"start":{"line":7,"column":19},"end":{"line":7,"column":21}},"1":{"start":{"line":8,"column":29},"end":{"line":8,"column":31}},"2":{"start":{"line":9,"column":14},"end":{"line":9,"column":16}},"3":{"start":{"line":16,"column":2},"end":{"line":16,"column":22}},"4":{"start":{"line":24,"column":2},"end":{"line":24,"column":22}},"5":{"start":{"line":32,"column":2},"end":{"line":32,"column":32}},"6":{"start":{"line":40,"column":2},"end":{"line":40,"column":32}},"7":{"start":{"line":48,"column":2},"end":{"line":48,"column":17}},"8":{"start":{"line":56,"column":2},"end":{"line":56,"column":17}},"9":{"start":{"line":64,"column":2},"end":{"line":77,"column":4}},"10":{"start":{"line":85,"column":2},"end":{"line":85,"column":60}},"11":{"start":{"line":85,"column":25},"end":{"line":85,"column":60}},"12":{"start":{"line":86,"column":2},"end":{"line":86,"column":90}},"13":{"start":{"line":86,"column":35},"end":{"line":86,"column":90}},"14":{"start":{"line":87,"column":2},"end":{"line":87,"column":45}},"15":{"start":{"line":87,"column":20},"end":{"line":87,"column":45}},"16":{"start":{"line":90,"column":0},"end":{"line":99,"column":2}}},"fnMap":{"0":{"name":"setDesembarques","decl":{"start":{"line":15,"column":9},"end":{"line":15,"column":24}},"loc":{"start":{"line":15,"column":31},"end":{"line":17,"column":1}},"line":15},"1":{"name":"getDesembarques","decl":{"start":{"line":23,"column":9},"end":{"line":23,"column":24}},"loc":{"start":{"line":23,"column":27},"end":{"line":25,"column":1}},"line":23},"2":{"name":"setMateriaPrimaProduccion","decl":{"start":{"line":31,"column":9},"end":{"line":31,"column":34}},"loc":{"start":{"line":31,"column":41},"end":{"line":33,"column":1}},"line":31},"3":{"name":"getMateriaPrimaProduccion","decl":{"start":{"line":39,"column":9},"end":{"line":39,"column":34}},"loc":{"start":{"line":39,"column":37},"end":{"line":41,"column":1}},"line":39},"4":{"name":"setPlantas","decl":{"start":{"line":47,"column":9},"end":{"line":47,"column":19}},"loc":{"start":{"line":47,"column":26},"end":{"line":49,"column":1}},"line":47},"5":{"name":"getPlantas","decl":{"start":{"line":55,"column":9},"end":{"line":55,"column":19}},"loc":{"start":{"line":55,"column":22},"end":{"line":57,"column":1}},"line":55},"6":{"name":"getDataStats","decl":{"start":{"line":63,"column":9},"end":{"line":63,"column":21}},"loc":{"start":{"line":63,"column":24},"end":{"line":78,"column":1}},"line":63},"7":{"name":"initializeData","decl":{"start":{"line":84,"column":9},"end":{"line":84,"column":23}},"loc":{"start":{"line":84,"column":30},"end":{"line":88,"column":1}},"line":84}},"branchMap":{"0":{"loc":{"start":{"line":85,"column":2},"end":{"line":85,"column":60}},"type":"if","locations":[{"start":{"line":85,"column":2},"end":{"line":85,"column":60}},{"start":{},"end":{}}],"line":85},"1":{"loc":{"start":{"line":86,"column":2},"end":{"line":86,"column":90}},"type":"if","locations":[{"start":{"line":86,"column":2},"end":{"line":86,"column":90}},{"start":{},"end":{}}],"line":86},"2":{"loc":{"start":{"line":87,"column":2},"end":{"line":87,"column":45}},"type":"if","locations":[{"start":{"line":87,"column":2},"end":{"line":87,"column":45}},{"start":{},"end":{}}],"line":87}},"s":{"0":2,"1":2,"2":2,"3":0,"4":0,"5":0,"6":0,"7":0,"8":0,"9":0,"10":1,"11":0,"12":0,"13":0,"14":0,"15":0,"16":2},"f":{"0":0,"1":0,"2":0,"3":0,"4":0,"5":0,"6":0,"7":1},"b":{"0":[0,0],"1":[0,0],"2":[0,0]},"_coverageSchema":"1a1c01bbd47fc00a2c39e90264f33305004495a9","hash":"b599394825d0b427381c3bcfa6a73f4c7f143a99"}
,"C:\\Users\\barri\\OneDrive\\Documentos\\GitHub\\Aqua-data\\src\\routes\\v1Routes.js": {"path":"C:\\Users\\barri\\OneDrive\\Documentos\\GitHub\\Aqua-data\\src\\routes\\v1Routes.js","statementMap":{"0":{"start":{"line":1,"column":16},"end":{"line":1,"column":34}},"1":{"start":{"line":2,"column":15},"end":{"line":2,"column":31}},"2":{"start":{"line":3,"column":26},"end":{"line":3,"column":69}},"3":{"start":{"line":4,"column":26},"end":{"line":4,"column":69}},"4":{"start":{"line":5,"column":29},"end":{"line":5,"column":75}},"5":{"start":{"line":14,"column":0},"end":{"line":14,"column":61}},"6":{"start":{"line":29,"column":0},"end":{"line":29,"column":62}},"7":{"start":{"line":40,"column":0},"end":{"line":40,"column":55}},"8":{"start":{"line":42,"column":0},"end":{"line":42,"column":24}}},"fnMap":{},"branchMap":{},"s":{"0":1,"1":1,"2":1,"3":1,"4":1,"5":1,"6":1,"7":1,"8":1},"f":{},"b":{},"_coverageSchema":"1a1c01bbd47fc00a2c39e90264f33305004495a9","hash":"446ccc19b26845964cfd862354b2dcd47c8a0cf0"}
,"C:\\Users\\barri\\OneDrive\\Documentos\\GitHub\\Aqua-data\\src\\services\\cosechaService.js": {"path":"C:\\Users\\barri\\OneDrive\\Documentos\\GitHub\\Aqua-data\\src\\services\\cosechaService.js","statementMap":{"0":{"start":{"line":1,"column":18},"end":{"line":1,"column":46}},"1":{"start":{"line":8,"column":4},"end":{"line":8,"column":34}},"2":{"start":{"line":20,"column":23},"end":{"line":20,"column":25}},"3":{"start":{"line":23,"column":4},"end":{"line":26,"column":5}},"4":{"start":{"line":24,"column":19},"end":{"line":24,"column":46}},"5":{"start":{"line":25,"column":6},"end":{"line":25,"column":47}},"6":{"start":{"line":29,"column":4},"end":{"line":31,"column":5}},"7":{"start":{"line":30,"column":6},"end":{"line":30,"column":58}},"8":{"start":{"line":34,"column":4},"end":{"line":36,"column":5}},"9":{"start":{"line":35,"column":6},"end":{"line":35,"column":60}},"10":{"start":{"line":38,"column":4},"end":{"line":38,"column":22}},"11":{"start":{"line":50,"column":4},"end":{"line":54,"column":7}},"12":{"start":{"line":63,"column":22},"end":{"line":66,"column":49}},"13":{"start":{"line":68,"column":4},"end":{"line":68,"column":82}},"14":{"start":{"line":77,"column":4},"end":{"line":77,"column":73}},"15":{"start":{"line":86,"column":4},"end":{"line":86,"column":74}},"16":{"start":{"line":95,"column":4},"end":{"line":152,"column":5}},"17":{"start":{"line":97,"column":27},"end":{"line":97,"column":54}},"18":{"start":{"line":99,"column":6},"end":{"line":107,"column":7}},"19":{"start":{"line":100,"column":8},"end":{"line":106,"column":10}},"20":{"start":{"line":110,"column":32},"end":{"line":110,"column":62}},"21":{"start":{"line":113,"column":27},"end":{"line":113,"column":83}},"22":{"start":{"line":115,"column":6},"end":{"line":124,"column":7}},"23":{"start":{"line":116,"column":8},"end":{"line":123,"column":10}},"24":{"start":{"line":127,"column":19},"end":{"line":127,"column":50}},"25":{"start":{"line":130,"column":30},"end":{"line":130,"column":71}},"26":{"start":{"line":133,"column":31},"end":{"line":133,"column":73}},"27":{"start":{"line":135,"column":6},"end":{"line":141,"column":8}},"28":{"start":{"line":144,"column":6},"end":{"line":144,"column":57}},"29":{"start":{"line":145,"column":6},"end":{"line":151,"column":8}},"30":{"start":{"line":161,"column":23},"end":{"line":161,"column":24}},"31":{"start":{"line":162,"column":21},"end":{"line":162,"column":30}},"32":{"start":{"line":163,"column":24},"end":{"line":163,"column":33}},"33":{"start":{"line":165,"column":4},"end":{"line":180,"column":7}},"34":{"start":{"line":167,"column":6},"end":{"line":167,"column":50}},"35":{"start":{"line":170,"column":18},"end":{"line":170,"column":39}},"36":{"start":{"line":171,"column":6},"end":{"line":173,"column":7}},"37":{"start":{"line":172,"column":8},"end":{"line":172,"column":26}},"38":{"start":{"line":176,"column":22},"end":{"line":176,"column":47}},"39":{"start":{"line":177,"column":6},"end":{"line":179,"column":7}},"40":{"start":{"line":178,"column":8},"end":{"line":178,"column":33}},"41":{"start":{"line":182,"column":4},"end":{"line":186,"column":6}},"42":{"start":{"line":195,"column":23},"end":{"line":195,"column":32}},"43":{"start":{"line":197,"column":4},"end":{"line":206,"column":7}},"44":{"start":{"line":198,"column":18},"end":{"line":198,"column":39}},"45":{"start":{"line":199,"column":24},"end":{"line":199,"column":51}},"46":{"start":{"line":201,"column":6},"end":{"line":205,"column":7}},"47":{"start":{"line":202,"column":8},"end":{"line":202,"column":61}},"48":{"start":{"line":204,"column":8},"end":{"line":204,"column":39}},"49":{"start":{"line":209,"column":22},"end":{"line":222,"column":8}},"50":{"start":{"line":210,"column":34},"end":{"line":213,"column":7}},"51":{"start":{"line":216,"column":21},"end":{"line":216,"column":36}},"52":{"start":{"line":217,"column":21},"end":{"line":217,"column":36}},"53":{"start":{"line":218,"column":8},"end":{"line":220,"column":9}},"54":{"start":{"line":219,"column":10},"end":{"line":219,"column":29}},"55":{"start":{"line":221,"column":8},"end":{"line":221,"column":58}},"56":{"start":{"line":224,"column":4},"end":{"line":224,"column":21}},"57":{"start":{"line":235,"column":21},"end":{"line":235,"column":51}},"58":{"start":{"line":238,"column":4},"end":{"line":241,"column":8}},"59":{"start":{"line":238,"column":47},"end":{"line":241,"column":5}},"60":{"start":{"line":245,"column":0},"end":{"line":245,"column":32}}},"fnMap":{"0":{"name":"(anonymous_0)","decl":{"start":{"line":19,"column":2},"end":{"line":19,"column":3}},"loc":{"start":{"line":19,"column":35},"end":{"line":39,"column":3}},"line":19},"1":{"name":"(anonymous_1)","decl":{"start":{"line":48,"column":2},"end":{"line":48,"column":3}},"loc":{"start":{"line":48,"column":51},"end":{"line":55,"column":3}},"line":48},"2":{"name":"(anonymous_2)","decl":{"start":{"line":62,"column":2},"end":{"line":62,"column":3}},"loc":{"start":{"line":62,"column":32},"end":{"line":69,"column":3}},"line":62},"3":{"name":"(anonymous_3)","decl":{"start":{"line":76,"column":2},"end":{"line":76,"column":3}},"loc":{"start":{"line":76,"column":26},"end":{"line":78,"column":3}},"line":76},"4":{"name":"(anonymous_4)","decl":{"start":{"line":85,"column":2},"end":{"line":85,"column":3}},"loc":{"start":{"line":85,"column":30},"end":{"line":87,"column":3}},"line":85},"5":{"name":"(anonymous_5)","decl":{"start":{"line":94,"column":2},"end":{"line":94,"column":3}},"loc":{"start":{"line":94,"column":40},"end":{"line":153,"column":3}},"line":94},"6":{"name":"(anonymous_6)","decl":{"start":{"line":160,"column":2},"end":{"line":160,"column":3}},"loc":{"start":{"line":160,"column":28},"end":{"line":187,"column":3}},"line":160},"7":{"name":"(anonymous_7)","decl":{"start":{"line":165,"column":17},"end":{"line":165,"column":18}},"loc":{"start":{"line":165,"column":25},"end":{"line":180,"column":5}},"line":165},"8":{"name":"(anonymous_8)","decl":{"start":{"line":194,"column":2},"end":{"line":194,"column":3}},"loc":{"start":{"line":194,"column":38},"end":{"line":225,"column":3}},"line":194},"9":{"name":"(anonymous_9)","decl":{"start":{"line":197,"column":17},"end":{"line":197,"column":18}},"loc":{"start":{"line":197,"column":25},"end":{"line":206,"column":5}},"line":197},"10":{"name":"(anonymous_10)","decl":{"start":{"line":210,"column":11},"end":{"line":210,"column":12}},"loc":{"start":{"line":210,"column":34},"end":{"line":213,"column":7}},"line":210},"11":{"name":"(anonymous_11)","decl":{"start":{"line":214,"column":12},"end":{"line":214,"column":13}},"loc":{"start":{"line":214,"column":22},"end":{"line":222,"column":7}},"line":214},"12":{"name":"(anonymous_12)","decl":{"start":{"line":233,"column":2},"end":{"line":233,"column":3}},"loc":{"start":{"line":233,"column":39},"end":{"line":242,"column":3}},"line":233},"13":{"name":"(anonymous_13)","decl":{"start":{"line":238,"column":24},"end":{"line":238,"column":25}},"loc":{"start":{"line":238,"column":47},"end":{"line":241,"column":5}},"line":238}},"branchMap":{"0":{"loc":{"start":{"line":23,"column":4},"end":{"line":26,"column":5}},"type":"if","locations":[{"start":{"line":23,"column":4},"end":{"line":26,"column":5}},{"start":{},"end":{}}],"line":23},"1":{"loc":{"start":{"line":25,"column":24},"end":{"line":25,"column":46}},"type":"cond-expr","locations":[{"start":{"line":25,"column":35},"end":{"line":25,"column":39}},{"start":{"line":25,"column":42},"end":{"line":25,"column":46}}],"line":25},"2":{"loc":{"start":{"line":29,"column":4},"end":{"line":31,"column":5}},"type":"if","locations":[{"start":{"line":29,"column":4},"end":{"line":31,"column":5}},{"start":{},"end":{}}],"line":29},"3":{"loc":{"start":{"line":34,"column":4},"end":{"line":36,"column":5}},"type":"if","locations":[{"start":{"line":34,"column":4},"end":{"line":36,"column":5}},{"start":{},"end":{}}],"line":34},"4":{"loc":{"start":{"line":63,"column":22},"end":{"line":66,"column":49}},"type":"binary-expr","locations":[{"start":{"line":63,"column":22},"end":{"line":63,"column":36}},{"start":{"line":63,"column":40},"end":{"line":63,"column":54}},{"start":{"line":64,"column":22},"end":{"line":64,"column":35}},{"start":{"line":64,"column":39},"end":{"line":64,"column":52}},{"start":{"line":65,"column":22},"end":{"line":65,"column":30}},{"start":{"line":65,"column":34},"end":{"line":65,"column":42}},{"start":{"line":66,"column":22},"end":{"line":66,"column":31}},{"start":{"line":66,"column":35},"end":{"line":66,"column":44}},{"start":{"line":66,"column":48},"end":{"line":66,"column":49}}],"line":63},"5":{"loc":{"start":{"line":68,"column":11},"end":{"line":68,"column":81}},"type":"cond-expr","locations":[{"start":{"line":68,"column":43},"end":{"line":68,"column":52}},{"start":{"line":68,"column":55},"end":{"line":68,"column":81}}],"line":68},"6":{"loc":{"start":{"line":68,"column":55},"end":{"line":68,"column":81}},"type":"binary-expr","locations":[{"start":{"line":68,"column":55},"end":{"line":68,"column":76}},{"start":{"line":68,"column":80},"end":{"line":68,"column":81}}],"line":68},"7":{"loc":{"start":{"line":77,"column":11},"end":{"line":77,"column":72}},"type":"binary-expr","locations":[{"start":{"line":77,"column":11},"end":{"line":77,"column":19}},{"start":{"line":77,"column":23},"end":{"line":77,"column":31}},{"start":{"line":77,"column":35},"end":{"line":77,"column":45}},{"start":{"line":77,"column":49},"end":{"line":77,"column":59}},{"start":{"line":77,"column":63},"end":{"line":77,"column":72}}],"line":77},"8":{"loc":{"start":{"line":86,"column":27},"end":{"line":86,"column":72}},"type":"binary-expr","locations":[{"start":{"line":86,"column":27},"end":{"line":86,"column":39}},{"start":{"line":86,"column":43},"end":{"line":86,"column":55}},{"start":{"line":86,"column":59},"end":{"line":86,"column":72}}],"line":86},"9":{"loc":{"start":{"line":94,"column":26},"end":{"line":94,"column":38}},"type":"default-arg","locations":[{"start":{"line":94,"column":36},"end":{"line":94,"column":38}}],"line":94},"10":{"loc":{"start":{"line":99,"column":6},"end":{"line":107,"column":7}},"type":"if","locations":[{"start":{"line":99,"column":6},"end":{"line":107,"column":7}},{"start":{},"end":{}}],"line":99},"11":{"loc":{"start":{"line":99,"column":10},"end":{"line":99,"column":52}},"type":"binary-expr","locations":[{"start":{"line":99,"column":10},"end":{"line":99,"column":23}},{"start":{"line":99,"column":27},"end":{"line":99,"column":52}}],"line":99},"12":{"loc":{"start":{"line":115,"column":6},"end":{"line":124,"column":7}},"type":"if","locations":[{"start":{"line":115,"column":6},"end":{"line":124,"column":7}},{"start":{},"end":{}}],"line":115},"13":{"loc":{"start":{"line":171,"column":6},"end":{"line":173,"column":7}},"type":"if","locations":[{"start":{"line":171,"column":6},"end":{"line":173,"column":7}},{"start":{},"end":{}}],"line":171},"14":{"loc":{"start":{"line":171,"column":10},"end":{"line":171,"column":34}},"type":"binary-expr","locations":[{"start":{"line":171,"column":10},"end":{"line":171,"column":13}},{"start":{"line":171,"column":17},"end":{"line":171,"column":34}}],"line":171},"15":{"loc":{"start":{"line":177,"column":6},"end":{"line":179,"column":7}},"type":"if","locations":[{"start":{"line":177,"column":6},"end":{"line":179,"column":7}},{"start":{},"end":{}}],"line":177},"16":{"loc":{"start":{"line":177,"column":10},"end":{"line":177,"column":46}},"type":"binary-expr","locations":[{"start":{"line":177,"column":10},"end":{"line":177,"column":17}},{"start":{"line":177,"column":21},"end":{"line":177,"column":46}}],"line":177},"17":{"loc":{"start":{"line":201,"column":6},"end":{"line":205,"column":7}},"type":"if","locations":[{"start":{"line":201,"column":6},"end":{"line":205,"column":7}},{"start":{"line":203,"column":13},"end":{"line":205,"column":7}}],"line":201},"18":{"loc":{"start":{"line":218,"column":8},"end":{"line":220,"column":9}},"type":"if","locations":[{"start":{"line":218,"column":8},"end":{"line":220,"column":9}},{"start":{},"end":{}}],"line":218},"19":{"loc":{"start":{"line":218,"column":12},"end":{"line":218,"column":40}},"type":"binary-expr","locations":[{"start":{"line":218,"column":12},"end":{"line":218,"column":24}},{"start":{"line":218,"column":28},"end":{"line":218,"column":40}}],"line":218}},"s":{"0":1,"1":1,"2":0,"3":0,"4":0,"5":0,"6":0,"7":0,"8":0,"9":0,"10":0,"11":0,"12":0,"13":0,"14":0,"15":0,"16":0,"17":0,"18":0,"19":0,"20":0,"21":0,"22":0,"23":0,"24":0,"25":0,"26":0,"27":0,"28":0,"29":0,"30":0,"31":0,"32":0,"33":0,"34":0,"35":0,"36":0,"37":0,"38":0,"39":0,"40":0,"41":0,"42":0,"43":0,"44":0,"45":0,"46":0,"47":0,"48":0,"49":0,"50":0,"51":0,"52":0,"53":0,"54":0,"55":0,"56":0,"57":0,"58":0,"59":0,"60":1},"f":{"0":0,"1":0,"2":0,"3":0,"4":0,"5":0,"6":0,"7":0,"8":0,"9":0,"10":0,"11":0,"12":0,"13":0},"b":{"0":[0,0],"1":[0,0],"2":[0,0],"3":[0,0],"4":[0,0,0,0,0,0,0,0,0],"5":[0,0],"6":[0,0],"7":[0,0,0,0,0],"8":[0,0,0],"9":[0],"10":[0,0],"11":[0,0],"12":[0,0],"13":[0,0],"14":[0,0],"15":[0,0],"16":[0,0],"17":[0,0],"18":[0,0],"19":[0,0]},"_coverageSchema":"1a1c01bbd47fc00a2c39e90264f33305004495a9","hash":"60f9c809ef2ad3a5d0477e4b1c774952428ac01e"}
,"C:\\Users\\barri\\OneDrive\\Documentos\\GitHub\\Aqua-data\\src\\services\\dataLoaderService.js": {"path":"C:\\Users\\barri\\OneDrive\\Documentos\\GitHub\\Aqua-data\\src\\services\\dataLoaderService.js","statementMap":{"0":{"start":{"line":1,"column":11},"end":{"line":1,"column":24}},"1":{"start":{"line":2,"column":13},"end":{"line":2,"column":28}},"2":{"start":{"line":3,"column":12},"end":{"line":3,"column":33}},"3":{"start":{"line":4,"column":15},"end":{"line":4,"column":35}},"4":{"start":{"line":10,"column":4},"end":{"line":10,"column":34}},"5":{"start":{"line":23,"column":4},"end":{"line":50,"column":7}},"6":{"start":{"line":24,"column":22},"end":{"line":24,"column":24}},"7":{"start":{"line":25,"column":23},"end":{"line":25,"column":62}},"8":{"start":{"line":28,"column":6},"end":{"line":31,"column":7}},"9":{"start":{"line":29,"column":8},"end":{"line":29,"column":63}},"10":{"start":{"line":30,"column":8},"end":{"line":30,"column":27}},"11":{"start":{"line":33,"column":6},"end":{"line":33,"column":57}},"12":{"start":{"line":35,"column":6},"end":{"line":49,"column":11}},"13":{"start":{"line":39,"column":33},"end":{"line":39,"column":69}},"14":{"start":{"line":40,"column":10},"end":{"line":40,"column":39}},"15":{"start":{"line":43,"column":10},"end":{"line":43,"column":76}},"16":{"start":{"line":44,"column":10},"end":{"line":44,"column":27}},"17":{"start":{"line":47,"column":10},"end":{"line":47,"column":72}},"18":{"start":{"line":48,"column":10},"end":{"line":48,"column":24}},"19":{"start":{"line":59,"column":4},"end":{"line":59,"column":38}},"20":{"start":{"line":68,"column":4},"end":{"line":68,"column":39}},"21":{"start":{"line":77,"column":4},"end":{"line":77,"column":33}},"22":{"start":{"line":85,"column":4},"end":{"line":116,"column":5}},"23":{"start":{"line":86,"column":6},"end":{"line":86,"column":60}},"24":{"start":{"line":89,"column":23},"end":{"line":89,"column":52}},"25":{"start":{"line":91,"column":62},"end":{"line":104,"column":8}},"26":{"start":{"line":106,"column":6},"end":{"line":106,"column":53}},"27":{"start":{"line":108,"column":6},"end":{"line":112,"column":8}},"28":{"start":{"line":114,"column":6},"end":{"line":114,"column":60}},"29":{"start":{"line":115,"column":6},"end":{"line":115,"column":18}},"30":{"start":{"line":127,"column":4},"end":{"line":172,"column":7}},"31":{"start":{"line":128,"column":22},"end":{"line":128,"column":24}},"32":{"start":{"line":129,"column":22},"end":{"line":129,"column":23}},"33":{"start":{"line":130,"column":25},"end":{"line":130,"column":26}},"34":{"start":{"line":133,"column":6},"end":{"line":136,"column":7}},"35":{"start":{"line":134,"column":8},"end":{"line":134,"column":63}},"36":{"start":{"line":135,"column":8},"end":{"line":135,"column":27}},"37":{"start":{"line":138,"column":6},"end":{"line":138,"column":72}},"38":{"start":{"line":140,"column":6},"end":{"line":171,"column":11}},"39":{"start":{"line":143,"column":10},"end":{"line":143,"column":22}},"40":{"start":{"line":146,"column":33},"end":{"line":146,"column":69}},"41":{"start":{"line":149,"column":10},"end":{"line":158,"column":11}},"42":{"start":{"line":150,"column":27},"end":{"line":150,"column":79}},"43":{"start":{"line":151,"column":12},"end":{"line":155,"column":13}},"44":{"start":{"line":152,"column":14},"end":{"line":152,"column":43}},"45":{"start":{"line":154,"column":14},"end":{"line":154,"column":29}},"46":{"start":{"line":157,"column":12},"end":{"line":157,"column":41}},"47":{"start":{"line":161,"column":10},"end":{"line":165,"column":11}},"48":{"start":{"line":162,"column":12},"end":{"line":162,"column":152}},"49":{"start":{"line":164,"column":12},"end":{"line":164,"column":93}},"50":{"start":{"line":166,"column":10},"end":{"line":166,"column":27}},"51":{"start":{"line":169,"column":10},"end":{"line":169,"column":87}},"52":{"start":{"line":170,"column":10},"end":{"line":170,"column":24}},"53":{"start":{"line":176,"column":0},"end":{"line":176,"column":35}}},"fnMap":{"0":{"name":"(anonymous_0)","decl":{"start":{"line":22,"column":2},"end":{"line":22,"column":3}},"loc":{"start":{"line":22,"column":56},"end":{"line":51,"column":3}},"line":22},"1":{"name":"(anonymous_1)","decl":{"start":{"line":23,"column":23},"end":{"line":23,"column":24}},"loc":{"start":{"line":23,"column":44},"end":{"line":50,"column":5}},"line":23},"2":{"name":"(anonymous_2)","decl":{"start":{"line":37,"column":20},"end":{"line":37,"column":21}},"loc":{"start":{"line":37,"column":30},"end":{"line":41,"column":9}},"line":37},"3":{"name":"(anonymous_3)","decl":{"start":{"line":42,"column":19},"end":{"line":42,"column":20}},"loc":{"start":{"line":42,"column":25},"end":{"line":45,"column":9}},"line":42},"4":{"name":"(anonymous_4)","decl":{"start":{"line":46,"column":21},"end":{"line":46,"column":22}},"loc":{"start":{"line":46,"column":32},"end":{"line":49,"column":9}},"line":46},"5":{"name":"(anonymous_5)","decl":{"start":{"line":58,"column":2},"end":{"line":58,"column":3}},"loc":{"start":{"line":58,"column":35},"end":{"line":60,"column":3}},"line":58},"6":{"name":"(anonymous_6)","decl":{"start":{"line":67,"column":2},"end":{"line":67,"column":3}},"loc":{"start":{"line":67,"column":46},"end":{"line":69,"column":3}},"line":67},"7":{"name":"(anonymous_7)","decl":{"start":{"line":76,"column":2},"end":{"line":76,"column":3}},"loc":{"start":{"line":76,"column":30},"end":{"line":78,"column":3}},"line":76},"8":{"name":"(anonymous_8)","decl":{"start":{"line":84,"column":2},"end":{"line":84,"column":3}},"loc":{"start":{"line":84,"column":29},"end":{"line":117,"column":3}},"line":84},"9":{"name":"(anonymous_9)","decl":{"start":{"line":126,"column":2},"end":{"line":126,"column":3}},"loc":{"start":{"line":126,"column":92},"end":{"line":173,"column":3}},"line":126},"10":{"name":"(anonymous_10)","decl":{"start":{"line":127,"column":23},"end":{"line":127,"column":24}},"loc":{"start":{"line":127,"column":44},"end":{"line":172,"column":5}},"line":127},"11":{"name":"(anonymous_11)","decl":{"start":{"line":142,"column":20},"end":{"line":142,"column":21}},"loc":{"start":{"line":142,"column":30},"end":{"line":159,"column":9}},"line":142},"12":{"name":"(anonymous_12)","decl":{"start":{"line":160,"column":19},"end":{"line":160,"column":20}},"loc":{"start":{"line":160,"column":25},"end":{"line":167,"column":9}},"line":160},"13":{"name":"(anonymous_13)","decl":{"start":{"line":168,"column":21},"end":{"line":168,"column":22}},"loc":{"start":{"line":168,"column":32},"end":{"line":171,"column":9}},"line":168}},"branchMap":{"0":{"loc":{"start":{"line":22,"column":37},"end":{"line":22,"column":54}},"type":"default-arg","locations":[{"start":{"line":22,"column":50},"end":{"line":22,"column":54}}],"line":22},"1":{"loc":{"start":{"line":28,"column":6},"end":{"line":31,"column":7}},"type":"if","locations":[{"start":{"line":28,"column":6},"end":{"line":31,"column":7}},{"start":{},"end":{}}],"line":28},"2":{"loc":{"start":{"line":39,"column":33},"end":{"line":39,"column":69}},"type":"cond-expr","locations":[{"start":{"line":39,"column":46},"end":{"line":39,"column":62}},{"start":{"line":39,"column":65},"end":{"line":39,"column":69}}],"line":39},"3":{"loc":{"start":{"line":126,"column":45},"end":{"line":126,"column":62}},"type":"default-arg","locations":[{"start":{"line":126,"column":58},"end":{"line":126,"column":62}}],"line":126},"4":{"loc":{"start":{"line":126,"column":64},"end":{"line":126,"column":90}},"type":"default-arg","locations":[{"start":{"line":126,"column":86},"end":{"line":126,"column":90}}],"line":126},"5":{"loc":{"start":{"line":133,"column":6},"end":{"line":136,"column":7}},"type":"if","locations":[{"start":{"line":133,"column":6},"end":{"line":136,"column":7}},{"start":{},"end":{}}],"line":133},"6":{"loc":{"start":{"line":146,"column":33},"end":{"line":146,"column":69}},"type":"cond-expr","locations":[{"start":{"line":146,"column":46},"end":{"line":146,"column":62}},{"start":{"line":146,"column":65},"end":{"line":146,"column":69}}],"line":146},"7":{"loc":{"start":{"line":149,"column":10},"end":{"line":158,"column":11}},"type":"if","locations":[{"start":{"line":149,"column":10},"end":{"line":158,"column":11}},{"start":{"line":156,"column":17},"end":{"line":158,"column":11}}],"line":149},"8":{"loc":{"start":{"line":150,"column":27},"end":{"line":150,"column":79}},"type":"binary-expr","locations":[{"start":{"line":150,"column":27},"end":{"line":150,"column":48}},{"start":{"line":150,"column":52},"end":{"line":150,"column":73}},{"start":{"line":150,"column":77},"end":{"line":150,"column":79}}],"line":150},"9":{"loc":{"start":{"line":151,"column":12},"end":{"line":155,"column":13}},"type":"if","locations":[{"start":{"line":151,"column":12},"end":{"line":155,"column":13}},{"start":{"line":153,"column":19},"end":{"line":155,"column":13}}],"line":151},"10":{"loc":{"start":{"line":161,"column":10},"end":{"line":165,"column":11}},"type":"if","locations":[{"start":{"line":161,"column":10},"end":{"line":165,"column":11}},{"start":{"line":163,"column":17},"end":{"line":165,"column":11}}],"line":161}},"s":{"0":2,"1":2,"2":2,"3":2,"4":2,"5":0,"6":0,"7":0,"8":0,"9":0,"10":0,"11":0,"12":0,"13":0,"14":0,"15":0,"16":0,"17":0,"18":0,"19":351826,"20":274248,"21":235396,"22":2,"23":2,"24":2,"25":2,"26":0,"27":0,"28":0,"29":0,"30":8,"31":8,"32":8,"33":8,"34":8,"35":2,"36":2,"37":6,"38":6,"39":861469,"40":861469,"41":861469,"42":861469,"43":861469,"44":246265,"45":615204,"46":0,"47":0,"48":0,"49":0,"50":0,"51":0,"52":0,"53":2},"f":{"0":0,"1":0,"2":0,"3":0,"4":0,"5":351826,"6":274248,"7":235396,"8":2,"9":8,"10":8,"11":861469,"12":0,"13":0},"b":{"0":[0],"1":[0,0],"2":[0,0],"3":[0],"4":[8],"5":[2,6],"6":[861469,0],"7":[861469,0],"8":[861469,235396,235396],"9":[246265,615204],"10":[0,0]},"_coverageSchema":"1a1c01bbd47fc00a2c39e90264f33305004495a9","hash":"a3c0ef3a29cb037e77c217d32d0ebb31fd6148a6"}
,"C:\\Users\\barri\\OneDrive\\Documentos\\GitHub\\Aqua-data\\src\\services\\exploradorService.js": {"path":"C:\\Users\\barri\\OneDrive\\Documentos\\GitHub\\Aqua-data\\src\\services\\exploradorService.js","statementMap":{"0":{"start":{"line":1,"column":18},"end":{"line":1,"column":46}},"1":{"start":{"line":8,"column":4},"end":{"line":8,"column":34}},"2":{"start":{"line":20,"column":4},"end":{"line":40,"column":5}},"3":{"start":{"line":25,"column":8},"end":{"line":25,"column":43}},"4":{"start":{"line":31,"column":8},"end":{"line":31,"column":53}},"5":{"start":{"line":36,"column":8},"end":{"line":36,"column":38}},"6":{"start":{"line":39,"column":8},"end":{"line":39,"column":18}},"7":{"start":{"line":49,"column":25},"end":{"line":49,"column":27}},"8":{"start":{"line":51,"column":4},"end":{"line":53,"column":5}},"9":{"start":{"line":52,"column":6},"end":{"line":52,"column":61}},"10":{"start":{"line":55,"column":4},"end":{"line":58,"column":5}},"11":{"start":{"line":56,"column":18},"end":{"line":56,"column":60}},"12":{"start":{"line":57,"column":6},"end":{"line":57,"column":42}},"13":{"start":{"line":57,"column":19},"end":{"line":57,"column":42}},"14":{"start":{"line":60,"column":4},"end":{"line":63,"column":5}},"15":{"start":{"line":61,"column":18},"end":{"line":61,"column":44}},"16":{"start":{"line":62,"column":6},"end":{"line":62,"column":56}},"17":{"start":{"line":62,"column":33},"end":{"line":62,"column":56}},"18":{"start":{"line":65,"column":4},"end":{"line":67,"column":5}},"19":{"start":{"line":66,"column":6},"end":{"line":66,"column":62}},"20":{"start":{"line":69,"column":4},"end":{"line":71,"column":5}},"21":{"start":{"line":70,"column":6},"end":{"line":70,"column":80}},"22":{"start":{"line":73,"column":4},"end":{"line":75,"column":5}},"23":{"start":{"line":74,"column":6},"end":{"line":74,"column":64}},"24":{"start":{"line":77,"column":4},"end":{"line":77,"column":24}},"25":{"start":{"line":87,"column":4},"end":{"line":89,"column":5}},"26":{"start":{"line":88,"column":6},"end":{"line":88,"column":19}},"27":{"start":{"line":91,"column":30},"end":{"line":91,"column":54}},"28":{"start":{"line":93,"column":4},"end":{"line":96,"column":7}},"29":{"start":{"line":94,"column":25},"end":{"line":94,"column":75}},"30":{"start":{"line":95,"column":6},"end":{"line":95,"column":46}},"31":{"start":{"line":106,"column":18},"end":{"line":111,"column":5}},"32":{"start":{"line":113,"column":4},"end":{"line":126,"column":7}},"33":{"start":{"line":114,"column":6},"end":{"line":116,"column":7}},"34":{"start":{"line":115,"column":8},"end":{"line":115,"column":51}},"35":{"start":{"line":118,"column":6},"end":{"line":121,"column":7}},"36":{"start":{"line":119,"column":23},"end":{"line":119,"column":67}},"37":{"start":{"line":120,"column":8},"end":{"line":120,"column":41}},"38":{"start":{"line":123,"column":6},"end":{"line":125,"column":7}},"39":{"start":{"line":124,"column":8},"end":{"line":124,"column":80}},"40":{"start":{"line":129,"column":4},"end":{"line":146,"column":5}},"41":{"start":{"line":130,"column":6},"end":{"line":132,"column":8}},"42":{"start":{"line":131,"column":8},"end":{"line":131,"column":49}},"43":{"start":{"line":133,"column":11},"end":{"line":146,"column":5}},"44":{"start":{"line":134,"column":6},"end":{"line":136,"column":8}},"45":{"start":{"line":135,"column":8},"end":{"line":135,"column":52}},"46":{"start":{"line":137,"column":6},"end":{"line":139,"column":8}},"47":{"start":{"line":138,"column":8},"end":{"line":138,"column":60}},"48":{"start":{"line":140,"column":11},"end":{"line":146,"column":5}},"49":{"start":{"line":141,"column":28},"end":{"line":141,"column":37}},"50":{"start":{"line":142,"column":6},"end":{"line":144,"column":9}},"51":{"start":{"line":143,"column":8},"end":{"line":143,"column":62}},"52":{"start":{"line":143,"column":28},"end":{"line":143,"column":62}},"53":{"start":{"line":145,"column":6},"end":{"line":145,"column":47}},"54":{"start":{"line":148,"column":4},"end":{"line":157,"column":6}},"55":{"start":{"line":167,"column":28},"end":{"line":167,"column":53}},"56":{"start":{"line":170,"column":19},"end":{"line":170,"column":28}},"57":{"start":{"line":173,"column":23},"end":{"line":173,"column":32}},"58":{"start":{"line":175,"column":4},"end":{"line":196,"column":7}},"59":{"start":{"line":176,"column":18},"end":{"line":176,"column":43}},"60":{"start":{"line":177,"column":22},"end":{"line":177,"column":84}},"61":{"start":{"line":179,"column":22},"end":{"line":179,"column":23}},"62":{"start":{"line":181,"column":6},"end":{"line":185,"column":7}},"63":{"start":{"line":182,"column":8},"end":{"line":182,"column":56}},"64":{"start":{"line":183,"column":13},"end":{"line":185,"column":7}},"65":{"start":{"line":184,"column":8},"end":{"line":184,"column":88}},"66":{"start":{"line":188,"column":6},"end":{"line":190,"column":7}},"67":{"start":{"line":189,"column":8},"end":{"line":189,"column":60}},"68":{"start":{"line":193,"column":6},"end":{"line":195,"column":7}},"69":{"start":{"line":194,"column":8},"end":{"line":194,"column":76}},"70":{"start":{"line":198,"column":4},"end":{"line":207,"column":6}},"71":{"start":{"line":200,"column":36},"end":{"line":200,"column":89}},"72":{"start":{"line":201,"column":24},"end":{"line":201,"column":37}},"73":{"start":{"line":204,"column":40},"end":{"line":204,"column":97}},"74":{"start":{"line":205,"column":24},"end":{"line":205,"column":49}},"75":{"start":{"line":217,"column":4},"end":{"line":296,"column":5}},"76":{"start":{"line":218,"column":30},"end":{"line":218,"column":55}},"77":{"start":{"line":220,"column":6},"end":{"line":225,"column":7}},"78":{"start":{"line":221,"column":8},"end":{"line":224,"column":10}},"79":{"start":{"line":228,"column":22},"end":{"line":228,"column":58}},"80":{"start":{"line":230,"column":6},"end":{"line":238,"column":7}},"81":{"start":{"line":231,"column":8},"end":{"line":237,"column":10}},"82":{"start":{"line":241,"column":34},"end":{"line":241,"column":65}},"83":{"start":{"line":244,"column":27},"end":{"line":244,"column":34}},"84":{"start":{"line":247,"column":6},"end":{"line":249,"column":7}},"85":{"start":{"line":248,"column":8},"end":{"line":248,"column":91}},"86":{"start":{"line":252,"column":27},"end":{"line":252,"column":53}},"87":{"start":{"line":253,"column":6},"end":{"line":253,"column":33}},"88":{"start":{"line":255,"column":6},"end":{"line":257,"column":7}},"89":{"start":{"line":256,"column":8},"end":{"line":256,"column":68}},"90":{"start":{"line":259,"column":6},"end":{"line":273,"column":7}},"91":{"start":{"line":260,"column":8},"end":{"line":272,"column":10}},"92":{"start":{"line":276,"column":27},"end":{"line":276,"column":85}},"93":{"start":{"line":279,"column":23},"end":{"line":279,"column":85}},"94":{"start":{"line":281,"column":6},"end":{"line":287,"column":8}},"95":{"start":{"line":290,"column":6},"end":{"line":290,"column":54}},"96":{"start":{"line":291,"column":6},"end":{"line":295,"column":8}},"97":{"start":{"line":300,"column":0},"end":{"line":300,"column":35}}},"fnMap":{"0":{"name":"(anonymous_0)","decl":{"start":{"line":19,"column":2},"end":{"line":19,"column":3}},"loc":{"start":{"line":19,"column":34},"end":{"line":41,"column":3}},"line":19},"1":{"name":"(anonymous_1)","decl":{"start":{"line":48,"column":2},"end":{"line":48,"column":3}},"loc":{"start":{"line":48,"column":36},"end":{"line":78,"column":3}},"line":48},"2":{"name":"(anonymous_2)","decl":{"start":{"line":86,"column":2},"end":{"line":86,"column":3}},"loc":{"start":{"line":86,"column":41},"end":{"line":97,"column":3}},"line":86},"3":{"name":"(anonymous_3)","decl":{"start":{"line":93,"column":24},"end":{"line":93,"column":25}},"loc":{"start":{"line":93,"column":32},"end":{"line":96,"column":5}},"line":93},"4":{"name":"(anonymous_4)","decl":{"start":{"line":105,"column":2},"end":{"line":105,"column":3}},"loc":{"start":{"line":105,"column":47},"end":{"line":158,"column":3}},"line":105},"5":{"name":"(anonymous_5)","decl":{"start":{"line":113,"column":18},"end":{"line":113,"column":19}},"loc":{"start":{"line":113,"column":26},"end":{"line":126,"column":5}},"line":113},"6":{"name":"(anonymous_6)","decl":{"start":{"line":130,"column":44},"end":{"line":130,"column":45}},"loc":{"start":{"line":131,"column":8},"end":{"line":131,"column":49}},"line":131},"7":{"name":"(anonymous_7)","decl":{"start":{"line":134,"column":46},"end":{"line":134,"column":47}},"loc":{"start":{"line":135,"column":8},"end":{"line":135,"column":52}},"line":135},"8":{"name":"(anonymous_8)","decl":{"start":{"line":137,"column":54},"end":{"line":137,"column":55}},"loc":{"start":{"line":138,"column":8},"end":{"line":138,"column":60}},"line":138},"9":{"name":"(anonymous_9)","decl":{"start":{"line":142,"column":20},"end":{"line":142,"column":21}},"loc":{"start":{"line":142,"column":28},"end":{"line":144,"column":7}},"line":142},"10":{"name":"(anonymous_10)","decl":{"start":{"line":166,"column":2},"end":{"line":166,"column":3}},"loc":{"start":{"line":166,"column":51},"end":{"line":208,"column":3}},"line":166},"11":{"name":"(anonymous_11)","decl":{"start":{"line":175,"column":18},"end":{"line":175,"column":19}},"loc":{"start":{"line":175,"column":26},"end":{"line":196,"column":5}},"line":175},"12":{"name":"(anonymous_12)","decl":{"start":{"line":200,"column":13},"end":{"line":200,"column":14}},"loc":{"start":{"line":200,"column":36},"end":{"line":200,"column":89}},"line":200},"13":{"name":"(anonymous_13)","decl":{"start":{"line":201,"column":14},"end":{"line":201,"column":15}},"loc":{"start":{"line":201,"column":24},"end":{"line":201,"column":37}},"line":201},"14":{"name":"(anonymous_14)","decl":{"start":{"line":204,"column":13},"end":{"line":204,"column":14}},"loc":{"start":{"line":204,"column":40},"end":{"line":204,"column":97}},"line":204},"15":{"name":"(anonymous_15)","decl":{"start":{"line":205,"column":14},"end":{"line":205,"column":15}},"loc":{"start":{"line":205,"column":24},"end":{"line":205,"column":49}},"line":205},"16":{"name":"(anonymous_16)","decl":{"start":{"line":216,"column":2},"end":{"line":216,"column":3}},"loc":{"start":{"line":216,"column":47},"end":{"line":297,"column":3}},"line":216}},"branchMap":{"0":{"loc":{"start":{"line":20,"column":4},"end":{"line":40,"column":5}},"type":"switch","locations":[{"start":{"line":21,"column":6},"end":{"line":21,"column":21}},{"start":{"line":22,"column":6},"end":{"line":22,"column":22}},{"start":{"line":23,"column":6},"end":{"line":23,"column":25}},{"start":{"line":24,"column":6},"end":{"line":25,"column":43}},{"start":{"line":27,"column":6},"end":{"line":27,"column":24}},{"start":{"line":28,"column":6},"end":{"line":28,"column":24}},{"start":{"line":29,"column":6},"end":{"line":29,"column":21}},{"start":{"line":30,"column":6},"end":{"line":31,"column":53}},{"start":{"line":33,"column":6},"end":{"line":33,"column":20}},{"start":{"line":34,"column":6},"end":{"line":34,"column":21}},{"start":{"line":35,"column":6},"end":{"line":36,"column":38}},{"start":{"line":38,"column":6},"end":{"line":39,"column":18}}],"line":20},"1":{"loc":{"start":{"line":51,"column":4},"end":{"line":53,"column":5}},"type":"if","locations":[{"start":{"line":51,"column":4},"end":{"line":53,"column":5}},{"start":{},"end":{}}],"line":51},"2":{"loc":{"start":{"line":55,"column":4},"end":{"line":58,"column":5}},"type":"if","locations":[{"start":{"line":55,"column":4},"end":{"line":58,"column":5}},{"start":{},"end":{}}],"line":55},"3":{"loc":{"start":{"line":55,"column":8},"end":{"line":55,"column":35}},"type":"binary-expr","locations":[{"start":{"line":55,"column":8},"end":{"line":55,"column":20}},{"start":{"line":55,"column":24},"end":{"line":55,"column":35}}],"line":55},"4":{"loc":{"start":{"line":56,"column":32},"end":{"line":56,"column":59}},"type":"binary-expr","locations":[{"start":{"line":56,"column":32},"end":{"line":56,"column":44}},{"start":{"line":56,"column":48},"end":{"line":56,"column":59}}],"line":56},"5":{"loc":{"start":{"line":57,"column":6},"end":{"line":57,"column":42}},"type":"if","locations":[{"start":{"line":57,"column":6},"end":{"line":57,"column":42}},{"start":{},"end":{}}],"line":57},"6":{"loc":{"start":{"line":60,"column":4},"end":{"line":63,"column":5}},"type":"if","locations":[{"start":{"line":60,"column":4},"end":{"line":63,"column":5}},{"start":{},"end":{}}],"line":60},"7":{"loc":{"start":{"line":62,"column":6},"end":{"line":62,"column":56}},"type":"if","locations":[{"start":{"line":62,"column":6},"end":{"line":62,"column":56}},{"start":{},"end":{}}],"line":62},"8":{"loc":{"start":{"line":62,"column":10},"end":{"line":62,"column":31}},"type":"binary-expr","locations":[{"start":{"line":62,"column":10},"end":{"line":62,"column":18}},{"start":{"line":62,"column":22},"end":{"line":62,"column":31}}],"line":62},"9":{"loc":{"start":{"line":65,"column":4},"end":{"line":67,"column":5}},"type":"if","locations":[{"start":{"line":65,"column":4},"end":{"line":67,"column":5}},{"start":{},"end":{}}],"line":65},"10":{"loc":{"start":{"line":69,"column":4},"end":{"line":71,"column":5}},"type":"if","locations":[{"start":{"line":69,"column":4},"end":{"line":71,"column":5}},{"start":{},"end":{}}],"line":69},"11":{"loc":{"start":{"line":73,"column":4},"end":{"line":75,"column":5}},"type":"if","locations":[{"start":{"line":73,"column":4},"end":{"line":75,"column":5}},{"start":{},"end":{}}],"line":73},"12":{"loc":{"start":{"line":87,"column":4},"end":{"line":89,"column":5}},"type":"if","locations":[{"start":{"line":87,"column":4},"end":{"line":89,"column":5}},{"start":{},"end":{}}],"line":87},"13":{"loc":{"start":{"line":87,"column":8},"end":{"line":87,"column":37}},"type":"binary-expr","locations":[{"start":{"line":87,"column":8},"end":{"line":87,"column":15}},{"start":{"line":87,"column":19},"end":{"line":87,"column":37}}],"line":87},"14":{"loc":{"start":{"line":94,"column":42},"end":{"line":94,"column":74}},"type":"binary-expr","locations":[{"start":{"line":94,"column":42},"end":{"line":94,"column":53}},{"start":{"line":94,"column":57},"end":{"line":94,"column":68}},{"start":{"line":94,"column":72},"end":{"line":94,"column":74}}],"line":94},"15":{"loc":{"start":{"line":114,"column":6},"end":{"line":116,"column":7}},"type":"if","locations":[{"start":{"line":114,"column":6},"end":{"line":116,"column":7}},{"start":{},"end":{}}],"line":114},"16":{"loc":{"start":{"line":114,"column":10},"end":{"line":114,"column":30}},"type":"binary-expr","locations":[{"start":{"line":114,"column":10},"end":{"line":114,"column":18}},{"start":{"line":114,"column":22},"end":{"line":114,"column":30}}],"line":114},"17":{"loc":{"start":{"line":115,"column":29},"end":{"line":115,"column":49}},"type":"binary-expr","locations":[{"start":{"line":115,"column":29},"end":{"line":115,"column":37}},{"start":{"line":115,"column":41},"end":{"line":115,"column":49}}],"line":115},"18":{"loc":{"start":{"line":118,"column":6},"end":{"line":121,"column":7}},"type":"if","locations":[{"start":{"line":118,"column":6},"end":{"line":121,"column":7}},{"start":{},"end":{}}],"line":118},"19":{"loc":{"start":{"line":118,"column":10},"end":{"line":118,"column":36}},"type":"binary-expr","locations":[{"start":{"line":118,"column":10},"end":{"line":118,"column":21}},{"start":{"line":118,"column":25},"end":{"line":118,"column":36}}],"line":118},"20":{"loc":{"start":{"line":119,"column":40},"end":{"line":119,"column":66}},"type":"binary-expr","locations":[{"start":{"line":119,"column":40},"end":{"line":119,"column":51}},{"start":{"line":119,"column":55},"end":{"line":119,"column":66}}],"line":119},"21":{"loc":{"start":{"line":123,"column":6},"end":{"line":125,"column":7}},"type":"if","locations":[{"start":{"line":123,"column":6},"end":{"line":125,"column":7}},{"start":{},"end":{}}],"line":123},"22":{"loc":{"start":{"line":123,"column":10},"end":{"line":123,"column":38}},"type":"binary-expr","locations":[{"start":{"line":123,"column":10},"end":{"line":123,"column":22}},{"start":{"line":123,"column":26},"end":{"line":123,"column":38}}],"line":123},"23":{"loc":{"start":{"line":124,"column":49},"end":{"line":124,"column":77}},"type":"binary-expr","locations":[{"start":{"line":124,"column":49},"end":{"line":124,"column":61}},{"start":{"line":124,"column":65},"end":{"line":124,"column":77}}],"line":124},"24":{"loc":{"start":{"line":129,"column":4},"end":{"line":146,"column":5}},"type":"if","locations":[{"start":{"line":129,"column":4},"end":{"line":146,"column":5}},{"start":{"line":133,"column":11},"end":{"line":146,"column":5}}],"line":129},"25":{"loc":{"start":{"line":129,"column":8},"end":{"line":129,"column":60}},"type":"binary-expr","locations":[{"start":{"line":129,"column":8},"end":{"line":129,"column":30}},{"start":{"line":129,"column":34},"end":{"line":129,"column":60}}],"line":129},"26":{"loc":{"start":{"line":131,"column":29},"end":{"line":131,"column":48}},"type":"binary-expr","locations":[{"start":{"line":131,"column":29},"end":{"line":131,"column":43}},{"start":{"line":131,"column":47},"end":{"line":131,"column":48}}],"line":131},"27":{"loc":{"start":{"line":133,"column":11},"end":{"line":146,"column":5}},"type":"if","locations":[{"start":{"line":133,"column":11},"end":{"line":146,"column":5}},{"start":{"line":140,"column":11},"end":{"line":146,"column":5}}],"line":133},"28":{"loc":{"start":{"line":135,"column":29},"end":{"line":135,"column":51}},"type":"binary-expr","locations":[{"start":{"line":135,"column":29},"end":{"line":135,"column":46}},{"start":{"line":135,"column":50},"end":{"line":135,"column":51}}],"line":135},"29":{"loc":{"start":{"line":138,"column":29},"end":{"line":138,"column":59}},"type":"binary-expr","locations":[{"start":{"line":138,"column":29},"end":{"line":138,"column":54}},{"start":{"line":138,"column":58},"end":{"line":138,"column":59}}],"line":138},"30":{"loc":{"start":{"line":140,"column":11},"end":{"line":146,"column":5}},"type":"if","locations":[{"start":{"line":140,"column":11},"end":{"line":146,"column":5}},{"start":{},"end":{}}],"line":140},"31":{"loc":{"start":{"line":143,"column":8},"end":{"line":143,"column":62}},"type":"if","locations":[{"start":{"line":143,"column":8},"end":{"line":143,"column":62}},{"start":{},"end":{}}],"line":143},"32":{"loc":{"start":{"line":153,"column":36},"end":{"line":153,"column":63}},"type":"binary-expr","locations":[{"start":{"line":153,"column":36},"end":{"line":153,"column":58}},{"start":{"line":153,"column":62},"end":{"line":153,"column":63}}],"line":153},"33":{"loc":{"start":{"line":154,"column":38},"end":{"line":154,"column":67}},"type":"binary-expr","locations":[{"start":{"line":154,"column":38},"end":{"line":154,"column":62}},{"start":{"line":154,"column":66},"end":{"line":154,"column":67}}],"line":154},"34":{"loc":{"start":{"line":155,"column":46},"end":{"line":155,"column":83}},"type":"binary-expr","locations":[{"start":{"line":155,"column":46},"end":{"line":155,"column":78}},{"start":{"line":155,"column":82},"end":{"line":155,"column":83}}],"line":155},"35":{"loc":{"start":{"line":156,"column":21},"end":{"line":156,"column":45}},"type":"binary-expr","locations":[{"start":{"line":156,"column":21},"end":{"line":156,"column":40}},{"start":{"line":156,"column":44},"end":{"line":156,"column":45}}],"line":156},"36":{"loc":{"start":{"line":176,"column":18},"end":{"line":176,"column":43}},"type":"binary-expr","locations":[{"start":{"line":176,"column":18},"end":{"line":176,"column":26}},{"start":{"line":176,"column":30},"end":{"line":176,"column":38}},{"start":{"line":176,"column":42},"end":{"line":176,"column":43}}],"line":176},"37":{"loc":{"start":{"line":177,"column":38},"end":{"line":177,"column":83}},"type":"binary-expr","locations":[{"start":{"line":177,"column":38},"end":{"line":177,"column":50}},{"start":{"line":177,"column":54},"end":{"line":177,"column":66}},{"start":{"line":177,"column":70},"end":{"line":177,"column":83}}],"line":177},"38":{"loc":{"start":{"line":181,"column":6},"end":{"line":185,"column":7}},"type":"if","locations":[{"start":{"line":181,"column":6},"end":{"line":185,"column":7}},{"start":{"line":183,"column":13},"end":{"line":185,"column":7}}],"line":181},"39":{"loc":{"start":{"line":181,"column":10},"end":{"line":181,"column":88}},"type":"binary-expr","locations":[{"start":{"line":181,"column":10},"end":{"line":181,"column":45}},{"start":{"line":181,"column":49},"end":{"line":181,"column":88}}],"line":181},"40":{"loc":{"start":{"line":182,"column":35},"end":{"line":182,"column":54}},"type":"binary-expr","locations":[{"start":{"line":182,"column":35},"end":{"line":182,"column":49}},{"start":{"line":182,"column":53},"end":{"line":182,"column":54}}],"line":182},"41":{"loc":{"start":{"line":183,"column":13},"end":{"line":185,"column":7}},"type":"if","locations":[{"start":{"line":183,"column":13},"end":{"line":185,"column":7}},{"start":{},"end":{}}],"line":183},"42":{"loc":{"start":{"line":184,"column":35},"end":{"line":184,"column":86}},"type":"binary-expr","locations":[{"start":{"line":184,"column":35},"end":{"line":184,"column":60}},{"start":{"line":184,"column":64},"end":{"line":184,"column":81}},{"start":{"line":184,"column":85},"end":{"line":184,"column":86}}],"line":184},"43":{"loc":{"start":{"line":188,"column":6},"end":{"line":190,"column":7}},"type":"if","locations":[{"start":{"line":188,"column":6},"end":{"line":190,"column":7}},{"start":{},"end":{}}],"line":188},"44":{"loc":{"start":{"line":189,"column":25},"end":{"line":189,"column":45}},"type":"binary-expr","locations":[{"start":{"line":189,"column":25},"end":{"line":189,"column":40}},{"start":{"line":189,"column":44},"end":{"line":189,"column":45}}],"line":189},"45":{"loc":{"start":{"line":193,"column":6},"end":{"line":195,"column":7}},"type":"if","locations":[{"start":{"line":193,"column":6},"end":{"line":195,"column":7}},{"start":{},"end":{}}],"line":193},"46":{"loc":{"start":{"line":193,"column":10},"end":{"line":193,"column":46}},"type":"binary-expr","locations":[{"start":{"line":193,"column":10},"end":{"line":193,"column":17}},{"start":{"line":193,"column":21},"end":{"line":193,"column":46}}],"line":193},"47":{"loc":{"start":{"line":194,"column":33},"end":{"line":194,"column":61}},"type":"binary-expr","locations":[{"start":{"line":194,"column":33},"end":{"line":194,"column":56}},{"start":{"line":194,"column":60},"end":{"line":194,"column":61}}],"line":194},"48":{"loc":{"start":{"line":216,"column":33},"end":{"line":216,"column":45}},"type":"default-arg","locations":[{"start":{"line":216,"column":43},"end":{"line":216,"column":45}}],"line":216},"49":{"loc":{"start":{"line":220,"column":6},"end":{"line":225,"column":7}},"type":"if","locations":[{"start":{"line":220,"column":6},"end":{"line":225,"column":7}},{"start":{},"end":{}}],"line":220},"50":{"loc":{"start":{"line":230,"column":6},"end":{"line":238,"column":7}},"type":"if","locations":[{"start":{"line":230,"column":6},"end":{"line":238,"column":7}},{"start":{},"end":{}}],"line":230},"51":{"loc":{"start":{"line":230,"column":10},"end":{"line":230,"column":42}},"type":"binary-expr","locations":[{"start":{"line":230,"column":10},"end":{"line":230,"column":18}},{"start":{"line":230,"column":22},"end":{"line":230,"column":42}}],"line":230},"52":{"loc":{"start":{"line":247,"column":6},"end":{"line":249,"column":7}},"type":"if","locations":[{"start":{"line":247,"column":6},"end":{"line":249,"column":7}},{"start":{},"end":{}}],"line":247},"53":{"loc":{"start":{"line":255,"column":6},"end":{"line":257,"column":7}},"type":"if","locations":[{"start":{"line":255,"column":6},"end":{"line":257,"column":7}},{"start":{},"end":{}}],"line":255},"54":{"loc":{"start":{"line":259,"column":6},"end":{"line":273,"column":7}},"type":"if","locations":[{"start":{"line":259,"column":6},"end":{"line":273,"column":7}},{"start":{},"end":{}}],"line":259}},"s":{"0":1,"1":1,"2":0,"3":0,"4":0,"5":0,"6":0,"7":0,"8":0,"9":0,"10":0,"11":0,"12":0,"13":0,"14":0,"15":0,"16":0,"17":0,"18":0,"19":0,"20":0,"21":0,"22":0,"23":0,"24":0,"25":0,"26":0,"27":0,"28":0,"29":0,"30":0,"31":0,"32":0,"33":0,"34":0,"35":0,"36":0,"37":0,"38":0,"39":0,"40":0,"41":0,"42":0,"43":0,"44":0,"45":0,"46":0,"47":0,"48":0,"49":0,"50":0,"51":0,"52":0,"53":0,"54":0,"55":0,"56":0,"57":0,"58":0,"59":0,"60":0,"61":0,"62":0,"63":0,"64":0,"65":0,"66":0,"67":0,"68":0,"69":0,"70":0,"71":0,"72":0,"73":0,"74":0,"75":0,"76":0,"77":0,"78":0,"79":0,"80":0,"81":0,"82":0,"83":0,"84":0,"85":0,"86":0,"87":0,"88":0,"89":0,"90":0,"91":0,"92":0,"93":0,"94":0,"95":0,"96":0,"97":1},"f":{"0":0,"1":0,"2":0,"3":0,"4":0,"5":0,"6":0,"7":0,"8":0,"9":0,"10":0,"11":0,"12":0,"13":0,"14":0,"15":0,"16":0},"b":{"0":[0,0,0,0,0,0,0,0,0,0,0,0],"1":[0,0],"2":[0,0],"3":[0,0],"4":[0,0],"5":[0,0],"6":[0,0],"7":[0,0],"8":[0,0],"9":[0,0],"10":[0,0],"11":[0,0],"12":[0,0],"13":[0,0],"14":[0,0,0],"15":[0,0],"16":[0,0],"17":[0,0],"18":[0,0],"19":[0,0],"20":[0,0],"21":[0,0],"22":[0,0],"23":[0,0],"24":[0,0],"25":[0,0],"26":[0,0],"27":[0,0],"28":[0,0],"29":[0,0],"30":[0,0],"31":[0,0],"32":[0,0],"33":[0,0],"34":[0,0],"35":[0,0],"36":[0,0,0],"37":[0,0,0],"38":[0,0],"39":[0,0],"40":[0,0],"41":[0,0],"42":[0,0,0],"43":[0,0],"44":[0,0],"45":[0,0],"46":[0,0],"47":[0,0],"48":[0],"49":[0,0],"50":[0,0],"51":[0,0],"52":[0,0],"53":[0,0],"54":[0,0]},"_coverageSchema":"1a1c01bbd47fc00a2c39e90264f33305004495a9","hash":"e61260c80534fccd350674b34fa964963eb7f5ec"}
,"C:\\Users\\barri\\OneDrive\\Documentos\\GitHub\\Aqua-data\\src\\services\\generalService.js": {"path":"C:\\Users\\barri\\OneDrive\\Documentos\\GitHub\\Aqua-data\\src\\services\\generalService.js","statementMap":{"0":{"start":{"line":1,"column":18},"end":{"line":1,"column":46}},"1":{"start":{"line":7,"column":4},"end":{"line":7,"column":34}},"2":{"start":{"line":20,"column":4},"end":{"line":22,"column":5}},"3":{"start":{"line":21,"column":6},"end":{"line":21,"column":19}},"4":{"start":{"line":24,"column":30},"end":{"line":24,"column":60}},"5":{"start":{"line":26,"column":4},"end":{"line":29,"column":7}},"6":{"start":{"line":27,"column":25},"end":{"line":27,"column":75}},"7":{"start":{"line":28,"column":6},"end":{"line":28,"column":46}},"8":{"start":{"line":38,"column":4},"end":{"line":41,"column":10}},"9":{"start":{"line":39,"column":24},"end":{"line":39,"column":59}},"10":{"start":{"line":40,"column":6},"end":{"line":40,"column":29}},"11":{"start":{"line":50,"column":4},"end":{"line":53,"column":10}},"12":{"start":{"line":51,"column":24},"end":{"line":51,"column":91}},"13":{"start":{"line":52,"column":6},"end":{"line":52,"column":29}},"14":{"start":{"line":62,"column":26},"end":{"line":62,"column":35}},"15":{"start":{"line":64,"column":4},"end":{"line":69,"column":7}},"16":{"start":{"line":65,"column":23},"end":{"line":65,"column":55}},"17":{"start":{"line":66,"column":6},"end":{"line":68,"column":7}},"18":{"start":{"line":67,"column":8},"end":{"line":67,"column":36}},"19":{"start":{"line":71,"column":4},"end":{"line":71,"column":30}},"20":{"start":{"line":81,"column":24},"end":{"line":81,"column":33}},"21":{"start":{"line":83,"column":4},"end":{"line":93,"column":7}},"22":{"start":{"line":84,"column":22},"end":{"line":84,"column":84}},"23":{"start":{"line":85,"column":24},"end":{"line":85,"column":109}},"24":{"start":{"line":87,"column":6},"end":{"line":92,"column":7}},"25":{"start":{"line":88,"column":8},"end":{"line":91,"column":10}},"26":{"start":{"line":95,"column":4},"end":{"line":101,"column":24}},"27":{"start":{"line":96,"column":38},"end":{"line":99,"column":7}},"28":{"start":{"line":100,"column":22},"end":{"line":100,"column":47}},"29":{"start":{"line":111,"column":20},"end":{"line":111,"column":29}},"30":{"start":{"line":114,"column":4},"end":{"line":123,"column":7}},"31":{"start":{"line":115,"column":18},"end":{"line":115,"column":43}},"32":{"start":{"line":116,"column":6},"end":{"line":122,"column":7}},"33":{"start":{"line":117,"column":8},"end":{"line":119,"column":9}},"34":{"start":{"line":118,"column":10},"end":{"line":118,"column":74}},"35":{"start":{"line":120,"column":26},"end":{"line":120,"column":61}},"36":{"start":{"line":121,"column":8},"end":{"line":121,"column":51}},"37":{"start":{"line":126,"column":26},"end":{"line":126,"column":35}},"38":{"start":{"line":127,"column":4},"end":{"line":137,"column":7}},"39":{"start":{"line":128,"column":18},"end":{"line":128,"column":43}},"40":{"start":{"line":129,"column":23},"end":{"line":129,"column":55}},"41":{"start":{"line":131,"column":6},"end":{"line":136,"column":7}},"42":{"start":{"line":132,"column":8},"end":{"line":134,"column":9}},"43":{"start":{"line":133,"column":10},"end":{"line":133,"column":44}},"44":{"start":{"line":135,"column":8},"end":{"line":135,"column":45}},"45":{"start":{"line":140,"column":4},"end":{"line":144,"column":7}},"46":{"start":{"line":141,"column":6},"end":{"line":143,"column":7}},"47":{"start":{"line":142,"column":8},"end":{"line":142,"column":57}},"48":{"start":{"line":146,"column":4},"end":{"line":147,"column":37}},"49":{"start":{"line":147,"column":22},"end":{"line":147,"column":35}},"50":{"start":{"line":156,"column":4},"end":{"line":219,"column":5}},"51":{"start":{"line":158,"column":27},"end":{"line":158,"column":54}},"52":{"start":{"line":159,"column":25},"end":{"line":159,"column":62}},"53":{"start":{"line":160,"column":22},"end":{"line":160,"column":44}},"54":{"start":{"line":162,"column":6},"end":{"line":175,"column":7}},"55":{"start":{"line":163,"column":8},"end":{"line":174,"column":10}},"56":{"start":{"line":178,"column":36},"end":{"line":178,"column":79}},"57":{"start":{"line":179,"column":33},"end":{"line":179,"column":74}},"58":{"start":{"line":180,"column":31},"end":{"line":180,"column":69}},"59":{"start":{"line":183,"column":29},"end":{"line":183,"column":79}},"60":{"start":{"line":184,"column":29},"end":{"line":184,"column":76}},"61":{"start":{"line":185,"column":28},"end":{"line":185,"column":64}},"62":{"start":{"line":188,"column":35},"end":{"line":188,"column":92}},"63":{"start":{"line":191,"column":28},"end":{"line":191,"column":88}},"64":{"start":{"line":193,"column":6},"end":{"line":203,"column":8}},"65":{"start":{"line":206,"column":6},"end":{"line":206,"column":64}},"66":{"start":{"line":207,"column":6},"end":{"line":218,"column":8}},"67":{"start":{"line":223,"column":0},"end":{"line":223,"column":32}}},"fnMap":{"0":{"name":"(anonymous_0)","decl":{"start":{"line":19,"column":2},"end":{"line":19,"column":3}},"loc":{"start":{"line":19,"column":47},"end":{"line":30,"column":3}},"line":19},"1":{"name":"(anonymous_1)","decl":{"start":{"line":26,"column":24},"end":{"line":26,"column":25}},"loc":{"start":{"line":26,"column":32},"end":{"line":29,"column":5}},"line":26},"2":{"name":"(anonymous_2)","decl":{"start":{"line":37,"column":2},"end":{"line":37,"column":3}},"loc":{"start":{"line":37,"column":46},"end":{"line":42,"column":3}},"line":37},"3":{"name":"(anonymous_3)","decl":{"start":{"line":38,"column":31},"end":{"line":38,"column":32}},"loc":{"start":{"line":38,"column":46},"end":{"line":41,"column":5}},"line":38},"4":{"name":"(anonymous_4)","decl":{"start":{"line":49,"column":2},"end":{"line":49,"column":3}},"loc":{"start":{"line":49,"column":44},"end":{"line":54,"column":3}},"line":49},"5":{"name":"(anonymous_5)","decl":{"start":{"line":50,"column":29},"end":{"line":50,"column":30}},"loc":{"start":{"line":50,"column":44},"end":{"line":53,"column":5}},"line":50},"6":{"name":"(anonymous_6)","decl":{"start":{"line":61,"column":2},"end":{"line":61,"column":3}},"loc":{"start":{"line":61,"column":32},"end":{"line":72,"column":3}},"line":61},"7":{"name":"(anonymous_7)","decl":{"start":{"line":64,"column":20},"end":{"line":64,"column":21}},"loc":{"start":{"line":64,"column":28},"end":{"line":69,"column":5}},"line":64},"8":{"name":"(anonymous_8)","decl":{"start":{"line":80,"column":2},"end":{"line":80,"column":3}},"loc":{"start":{"line":80,"column":55},"end":{"line":102,"column":3}},"line":80},"9":{"name":"(anonymous_9)","decl":{"start":{"line":83,"column":18},"end":{"line":83,"column":19}},"loc":{"start":{"line":83,"column":26},"end":{"line":93,"column":5}},"line":83},"10":{"name":"(anonymous_10)","decl":{"start":{"line":96,"column":11},"end":{"line":96,"column":12}},"loc":{"start":{"line":96,"column":38},"end":{"line":99,"column":7}},"line":96},"11":{"name":"(anonymous_11)","decl":{"start":{"line":100,"column":12},"end":{"line":100,"column":13}},"loc":{"start":{"line":100,"column":22},"end":{"line":100,"column":47}},"line":100},"12":{"name":"(anonymous_12)","decl":{"start":{"line":110,"column":2},"end":{"line":110,"column":3}},"loc":{"start":{"line":110,"column":47},"end":{"line":148,"column":3}},"line":110},"13":{"name":"(anonymous_13)","decl":{"start":{"line":114,"column":25},"end":{"line":114,"column":26}},"loc":{"start":{"line":114,"column":33},"end":{"line":123,"column":5}},"line":114},"14":{"name":"(anonymous_14)","decl":{"start":{"line":127,"column":20},"end":{"line":127,"column":21}},"loc":{"start":{"line":127,"column":28},"end":{"line":137,"column":5}},"line":127},"15":{"name":"(anonymous_15)","decl":{"start":{"line":140,"column":26},"end":{"line":140,"column":27}},"loc":{"start":{"line":140,"column":44},"end":{"line":144,"column":5}},"line":140},"16":{"name":"(anonymous_16)","decl":{"start":{"line":147,"column":12},"end":{"line":147,"column":13}},"loc":{"start":{"line":147,"column":22},"end":{"line":147,"column":35}},"line":147},"17":{"name":"(anonymous_17)","decl":{"start":{"line":155,"column":2},"end":{"line":155,"column":3}},"loc":{"start":{"line":155,"column":51},"end":{"line":220,"column":3}},"line":155}},"branchMap":{"0":{"loc":{"start":{"line":20,"column":4},"end":{"line":22,"column":5}},"type":"if","locations":[{"start":{"line":20,"column":4},"end":{"line":22,"column":5}},{"start":{},"end":{}}],"line":20},"1":{"loc":{"start":{"line":20,"column":8},"end":{"line":20,"column":49}},"type":"binary-expr","locations":[{"start":{"line":20,"column":8},"end":{"line":20,"column":21}},{"start":{"line":20,"column":25},"end":{"line":20,"column":49}}],"line":20},"2":{"loc":{"start":{"line":27,"column":42},"end":{"line":27,"column":74}},"type":"binary-expr","locations":[{"start":{"line":27,"column":42},"end":{"line":27,"column":53}},{"start":{"line":27,"column":57},"end":{"line":27,"column":68}},{"start":{"line":27,"column":72},"end":{"line":27,"column":74}}],"line":27},"3":{"loc":{"start":{"line":39,"column":39},"end":{"line":39,"column":58}},"type":"binary-expr","locations":[{"start":{"line":39,"column":39},"end":{"line":39,"column":53}},{"start":{"line":39,"column":57},"end":{"line":39,"column":58}}],"line":39},"4":{"loc":{"start":{"line":51,"column":39},"end":{"line":51,"column":90}},"type":"binary-expr","locations":[{"start":{"line":51,"column":39},"end":{"line":51,"column":64}},{"start":{"line":51,"column":68},"end":{"line":51,"column":85}},{"start":{"line":51,"column":89},"end":{"line":51,"column":90}}],"line":51},"5":{"loc":{"start":{"line":65,"column":23},"end":{"line":65,"column":55}},"type":"binary-expr","locations":[{"start":{"line":65,"column":23},"end":{"line":65,"column":37}},{"start":{"line":65,"column":41},"end":{"line":65,"column":55}}],"line":65},"6":{"loc":{"start":{"line":66,"column":6},"end":{"line":68,"column":7}},"type":"if","locations":[{"start":{"line":66,"column":6},"end":{"line":68,"column":7}},{"start":{},"end":{}}],"line":66},"7":{"loc":{"start":{"line":80,"column":43},"end":{"line":80,"column":53}},"type":"default-arg","locations":[{"start":{"line":80,"column":52},"end":{"line":80,"column":53}}],"line":80},"8":{"loc":{"start":{"line":84,"column":38},"end":{"line":84,"column":83}},"type":"binary-expr","locations":[{"start":{"line":84,"column":38},"end":{"line":84,"column":50}},{"start":{"line":84,"column":54},"end":{"line":84,"column":66}},{"start":{"line":84,"column":70},"end":{"line":84,"column":83}}],"line":84},"9":{"loc":{"start":{"line":85,"column":39},"end":{"line":85,"column":108}},"type":"binary-expr","locations":[{"start":{"line":85,"column":39},"end":{"line":85,"column":53}},{"start":{"line":85,"column":57},"end":{"line":85,"column":74}},{"start":{"line":85,"column":78},"end":{"line":85,"column":103}},{"start":{"line":85,"column":107},"end":{"line":85,"column":108}}],"line":85},"10":{"loc":{"start":{"line":87,"column":6},"end":{"line":92,"column":7}},"type":"if","locations":[{"start":{"line":87,"column":6},"end":{"line":92,"column":7}},{"start":{},"end":{}}],"line":87},"11":{"loc":{"start":{"line":87,"column":10},"end":{"line":87,"column":46}},"type":"binary-expr","locations":[{"start":{"line":87,"column":10},"end":{"line":87,"column":17}},{"start":{"line":87,"column":21},"end":{"line":87,"column":46}}],"line":87},"12":{"loc":{"start":{"line":90,"column":11},"end":{"line":90,"column":40}},"type":"binary-expr","locations":[{"start":{"line":90,"column":11},"end":{"line":90,"column":35}},{"start":{"line":90,"column":39},"end":{"line":90,"column":40}}],"line":90},"13":{"loc":{"start":{"line":115,"column":18},"end":{"line":115,"column":43}},"type":"binary-expr","locations":[{"start":{"line":115,"column":18},"end":{"line":115,"column":26}},{"start":{"line":115,"column":30},"end":{"line":115,"column":38}},{"start":{"line":115,"column":42},"end":{"line":115,"column":43}}],"line":115},"14":{"loc":{"start":{"line":116,"column":6},"end":{"line":122,"column":7}},"type":"if","locations":[{"start":{"line":116,"column":6},"end":{"line":122,"column":7}},{"start":{},"end":{}}],"line":116},"15":{"loc":{"start":{"line":117,"column":8},"end":{"line":119,"column":9}},"type":"if","locations":[{"start":{"line":117,"column":8},"end":{"line":119,"column":9}},{"start":{},"end":{}}],"line":117},"16":{"loc":{"start":{"line":120,"column":41},"end":{"line":120,"column":60}},"type":"binary-expr","locations":[{"start":{"line":120,"column":41},"end":{"line":120,"column":55}},{"start":{"line":120,"column":59},"end":{"line":120,"column":60}}],"line":120},"17":{"loc":{"start":{"line":128,"column":18},"end":{"line":128,"column":43}},"type":"binary-expr","locations":[{"start":{"line":128,"column":18},"end":{"line":128,"column":26}},{"start":{"line":128,"column":30},"end":{"line":128,"column":38}},{"start":{"line":128,"column":42},"end":{"line":128,"column":43}}],"line":128},"18":{"loc":{"start":{"line":129,"column":23},"end":{"line":129,"column":55}},"type":"binary-expr","locations":[{"start":{"line":129,"column":23},"end":{"line":129,"column":37}},{"start":{"line":129,"column":41},"end":{"line":129,"column":55}}],"line":129},"19":{"loc":{"start":{"line":131,"column":6},"end":{"line":136,"column":7}},"type":"if","locations":[{"start":{"line":131,"column":6},"end":{"line":136,"column":7}},{"start":{},"end":{}}],"line":131},"20":{"loc":{"start":{"line":131,"column":10},"end":{"line":131,"column":29}},"type":"binary-expr","locations":[{"start":{"line":131,"column":10},"end":{"line":131,"column":17}},{"start":{"line":131,"column":21},"end":{"line":131,"column":29}}],"line":131},"21":{"loc":{"start":{"line":132,"column":8},"end":{"line":134,"column":9}},"type":"if","locations":[{"start":{"line":132,"column":8},"end":{"line":134,"column":9}},{"start":{},"end":{}}],"line":132},"22":{"loc":{"start":{"line":141,"column":6},"end":{"line":143,"column":7}},"type":"if","locations":[{"start":{"line":141,"column":6},"end":{"line":143,"column":7}},{"start":{},"end":{}}],"line":141},"23":{"loc":{"start":{"line":155,"column":33},"end":{"line":155,"column":49}},"type":"default-arg","locations":[{"start":{"line":155,"column":42},"end":{"line":155,"column":49}}],"line":155},"24":{"loc":{"start":{"line":162,"column":6},"end":{"line":175,"column":7}},"type":"if","locations":[{"start":{"line":162,"column":6},"end":{"line":175,"column":7}},{"start":{},"end":{}}],"line":162},"25":{"loc":{"start":{"line":162,"column":10},"end":{"line":162,"column":71}},"type":"binary-expr","locations":[{"start":{"line":162,"column":10},"end":{"line":162,"column":30}},{"start":{"line":162,"column":34},"end":{"line":162,"column":52}},{"start":{"line":162,"column":56},"end":{"line":162,"column":71}}],"line":162}},"s":{"0":1,"1":1,"2":0,"3":0,"4":0,"5":0,"6":0,"7":0,"8":0,"9":0,"10":0,"11":0,"12":0,"13":0,"14":0,"15":0,"16":0,"17":0,"18":0,"19":0,"20":0,"21":0,"22":0,"23":0,"24":0,"25":0,"26":0,"27":0,"28":0,"29":0,"30":0,"31":0,"32":0,"33":0,"34":0,"35":0,"36":0,"37":0,"38":0,"39":0,"40":0,"41":0,"42":0,"43":0,"44":0,"45":0,"46":0,"47":0,"48":0,"49":0,"50":0,"51":0,"52":0,"53":0,"54":0,"55":0,"56":0,"57":0,"58":0,"59":0,"60":0,"61":0,"62":0,"63":0,"64":0,"65":0,"66":0,"67":1},"f":{"0":0,"1":0,"2":0,"3":0,"4":0,"5":0,"6":0,"7":0,"8":0,"9":0,"10":0,"11":0,"12":0,"13":0,"14":0,"15":0,"16":0,"17":0},"b":{"0":[0,0],"1":[0,0],"2":[0,0,0],"3":[0,0],"4":[0,0,0],"5":[0,0],"6":[0,0],"7":[0],"8":[0,0,0],"9":[0,0,0,0],"10":[0,0],"11":[0,0],"12":[0,0],"13":[0,0,0],"14":[0,0],"15":[0,0],"16":[0,0],"17":[0,0,0],"18":[0,0],"19":[0,0],"20":[0,0],"21":[0,0],"22":[0,0],"23":[0],"24":[0,0],"25":[0,0,0]},"_coverageSchema":"1a1c01bbd47fc00a2c39e90264f33305004495a9","hash":"e6766167f720b4c90ce09f905997916e69a65728"}
,"C:\\Users\\barri\\OneDrive\\Documentos\\GitHub\\Aqua-data\\src\\utils\\normalizar.js": {"path":"C:\\Users\\barri\\OneDrive\\Documentos\\GitHub\\Aqua-data\\src\\utils\\normalizar.js","statementMap":{"0":{"start":{"line":12,"column":2},"end":{"line":14,"column":3}},"1":{"start":{"line":13,"column":4},"end":{"line":13,"column":14}},"2":{"start":{"line":15,"column":2},"end":{"line":15,"column":44}},"3":{"start":{"line":25,"column":2},"end":{"line":25,"column":30}},"4":{"start":{"line":25,"column":20},"end":{"line":25,"column":30}},"5":{"start":{"line":27,"column":27},"end":{"line":27,"column":55}},"6":{"start":{"line":30,"column":2},"end":{"line":36,"column":3}},"7":{"start":{"line":35,"column":4},"end":{"line":35,"column":19}},"8":{"start":{"line":39,"column":2},"end":{"line":46,"column":3}},"9":{"start":{"line":45,"column":4},"end":{"line":45,"column":19}},"10":{"start":{"line":49,"column":2},"end":{"line":57,"column":3}},"11":{"start":{"line":56,"column":4},"end":{"line":56,"column":24}},"12":{"start":{"line":60,"column":2},"end":{"line":60,"column":26}},"13":{"start":{"line":69,"column":28},"end":{"line":69,"column":52}},"14":{"start":{"line":70,"column":2},"end":{"line":72,"column":44}},"15":{"start":{"line":82,"column":2},"end":{"line":84,"column":3}},"16":{"start":{"line":83,"column":4},"end":{"line":83,"column":13}},"17":{"start":{"line":87,"column":17},"end":{"line":87,"column":37}},"18":{"start":{"line":89,"column":2},"end":{"line":91,"column":3}},"19":{"start":{"line":90,"column":4},"end":{"line":90,"column":13}},"20":{"start":{"line":95,"column":21},"end":{"line":95,"column":43}},"21":{"start":{"line":96,"column":20},"end":{"line":96,"column":42}},"22":{"start":{"line":98,"column":2},"end":{"line":119,"column":3}},"23":{"start":{"line":100,"column":24},"end":{"line":100,"column":49}},"24":{"start":{"line":101,"column":23},"end":{"line":101,"column":48}},"25":{"start":{"line":103,"column":4},"end":{"line":109,"column":5}},"26":{"start":{"line":105,"column":6},"end":{"line":105,"column":63}},"27":{"start":{"line":108,"column":6},"end":{"line":108,"column":44}},"28":{"start":{"line":110,"column":9},"end":{"line":119,"column":3}},"29":{"start":{"line":113,"column":24},"end":{"line":113,"column":46}},"30":{"start":{"line":114,"column":4},"end":{"line":118,"column":5}},"31":{"start":{"line":115,"column":6},"end":{"line":115,"column":44}},"32":{"start":{"line":117,"column":6},"end":{"line":117,"column":44}},"33":{"start":{"line":122,"column":17},"end":{"line":122,"column":37}},"34":{"start":{"line":125,"column":2},"end":{"line":127,"column":3}},"35":{"start":{"line":126,"column":4},"end":{"line":126,"column":13}},"36":{"start":{"line":129,"column":2},"end":{"line":129,"column":16}},"37":{"start":{"line":138,"column":2},"end":{"line":140,"column":3}},"38":{"start":{"line":139,"column":4},"end":{"line":139,"column":13}},"39":{"start":{"line":142,"column":19},"end":{"line":142,"column":39}},"40":{"start":{"line":144,"column":2},"end":{"line":146,"column":3}},"41":{"start":{"line":145,"column":4},"end":{"line":145,"column":13}},"42":{"start":{"line":148,"column":17},"end":{"line":148,"column":39}},"43":{"start":{"line":150,"column":2},"end":{"line":152,"column":3}},"44":{"start":{"line":151,"column":4},"end":{"line":151,"column":13}},"45":{"start":{"line":154,"column":2},"end":{"line":154,"column":16}},"46":{"start":{"line":163,"column":15},"end":{"line":163,"column":35}},"47":{"start":{"line":165,"column":2},"end":{"line":167,"column":3}},"48":{"start":{"line":166,"column":4},"end":{"line":166,"column":13}},"49":{"start":{"line":169,"column":2},"end":{"line":169,"column":14}},"50":{"start":{"line":178,"column":14},"end":{"line":178,"column":34}},"51":{"start":{"line":180,"column":2},"end":{"line":182,"column":3}},"52":{"start":{"line":181,"column":4},"end":{"line":181,"column":13}},"53":{"start":{"line":184,"column":2},"end":{"line":184,"column":13}},"54":{"start":{"line":193,"column":2},"end":{"line":205,"column":4}},"55":{"start":{"line":214,"column":2},"end":{"line":226,"column":4}},"56":{"start":{"line":235,"column":2},"end":{"line":247,"column":4}},"57":{"start":{"line":258,"column":2},"end":{"line":260,"column":3}},"58":{"start":{"line":259,"column":4},"end":{"line":259,"column":14}},"59":{"start":{"line":262,"column":2},"end":{"line":296,"column":5}},"60":{"start":{"line":264,"column":4},"end":{"line
[...]
e":328},"15":{"name":"(anonymous_15)","decl":{"start":{"line":335,"column":16},"end":{"line":335,"column":17}},"loc":{"start":{"line":335,"column":24},"end":{"line":343,"column":3}},"line":335},"16":{"name":"(anonymous_16)","decl":{"start":{"line":346,"column":9},"end":{"line":346,"column":10}},"loc":{"start":{"line":346,"column":30},"end":{"line":346,"column":46}},"line":346},"17":{"name":"(anonymous_17)","decl":{"start":{"line":347,"column":10},"end":{"line":347,"column":11}},"loc":{"start":{"line":347,"column":20},"end":{"line":347,"column":37}},"line":347}},"branchMap":{"0":{"loc":{"start":{"line":12,"column":2},"end":{"line":14,"column":3}},"type":"if","locations":[{"start":{"line":12,"column":2},"end":{"line":14,"column":3}},{"start":{},"end":{}}],"line":12},"1":{"loc":{"start":{"line":12,"column":6},"end":{"line":12,"column":59}},"type":"binary-expr","locations":[{"start":{"line":12,"column":6},"end":{"line":12,"column":20}},{"start":{"line":12,"column":24},"end":{"line":12,"column":43}},{"start":{"line":12,"column":47},"end":{"line":12,"column":59}}],"line":12},"2":{"loc":{"start":{"line":25,"column":2},"end":{"line":25,"column":30}},"type":"if","locations":[{"start":{"line":25,"column":2},"end":{"line":25,"column":30}},{"start":{},"end":{}}],"line":25},"3":{"loc":{"start":{"line":30,"column":2},"end":{"line":36,"column":3}},"type":"if","locations":[{"start":{"line":30,"column":2},"end":{"line":36,"column":3}},{"start":{},"end":{}}],"line":30},"4":{"loc":{"start":{"line":30,"column":6},"end":{"line":34,"column":31}},"type":"binary-expr","locations":[{"start":{"line":30,"column":6},"end":{"line":30,"column":40}},{"start":{"line":31,"column":6},"end":{"line":31,"column":43}},{"start":{"line":32,"column":6},"end":{"line":32,"column":44}},{"start":{"line":33,"column":6},"end":{"line":33,"column":30}},{"start":{"line":34,"column":6},"end":{"line":34,"column":31}}],"line":30},"5":{"loc":{"start":{"line":39,"column":2},"end":{"line":46,"column":3}},"type":"if","locations":[{"start":{"line":39,"column":2},"end":{"line":46,"column":3}},{"start":{},"end":{}}],"line":39},"6":{"loc":{"start":{"line":39,"column":6},"end":{"line":44,"column":31}},"type":"binary-expr","locations":[{"start":{"line":39,"column":6},"end":{"line":39,"column":40}},{"start":{"line":40,"column":6},"end":{"line":40,"column":40}},{"start":{"line":41,"column":6},"end":{"line":41,"column":44}},{"start":{"line":42,"column":6},"end":{"line":42,"column":44}},{"start":{"line":43,"column":6},"end":{"line":43,"column":31}},{"start":{"line":44,"column":6},"end":{"line":44,"column":31}}],"line":39},"7":{"loc":{"start":{"line":49,"column":2},"end":{"line":57,"column":3}},"type":"if","locations":[{"start":{"line":49,"column":2},"end":{"line":57,"column":3}},{"start":{},"end":{}}],"line":49},"8":{"loc":{"start":{"line":49,"column":6},"end":{"line":55,"column":31}},"type":"binary-expr","locations":[{"start":{"line":49,"column":6},"end":{"line":49,"column":45}},{"start":{"line":50,"column":6},"end":{"line":50,"column":44}},{"start":{"line":51,"column":6},"end":{"line":51,"column":44}},{"start":{"line":52,"column":6},"end":{"line":52,"column":45}},{"start":{"line":53,"column":6},"end":{"line":53,"column":44}},{"start":{"line":54,"column":6},"end":{"line":54,"column":32}},{"start":{"line":55,"column":6},"end":{"line":55,"column":31}}],"line":49},"9":{"loc":{"start":{"line":70,"column":9},"end":{"line":72,"column":43}},"type":"binary-expr","locations":[{"start":{"line":70,"column":9},"end":{"line":70,"column":38}},{"start":{"line":71,"column":9},"end":{"line":71,"column":38}},{"start":{"line":72,"column":9},"end":{"line":72,"column":43}}],"line":70},"10":{"loc":{"start":{"line":82,"column":2},"end":{"line":84,"column":3}},"type":"if","locations":[{"start":{"line":82,"column":2},"end":{"line":84,"column":3}},{"start":{},"end":{}}],"line":82},"11":{"loc":{"start":{"line":82,"column":6},"end":{"line":82,"column":59}},"type":"binary-expr","locations":[{"start":{"line":82,"column":6},"end":{"line":82,"column":20}},{"start":{"line":82,"column":24},"end":{"line":82,"column":43}},{"start":{"line":82,"column":47},"end":{"line":82,"column":59}}],"line":82},"12":{"loc":{"start":{"line":89,"column":2},"end":{"line":91,"column":3}},"type":"if","locations":[{"start":{"line":89,"column":2},"end":{"line":91,"column":3}},{"start":{},"end":{}}],"line":89},"13":{"loc":{"start":{"line":89,"column":6},"end":{"line":89,"column":86}},"type":"binary-expr","locations":[{"start":{"line":89,"column":6},"end":{"line":89,"column":21}},{"start":{"line":89,"column":25},"end":{"line":89,"column":41}},{"start":{"line":89,"column":45},"end":{"line":89,"column":63}},{"start":{"line":89,"column":67},"end":{"line":89,"column":86}}],"line":89},"14":{"loc":{"start":{"line":98,"column":2},"end":{"line":119,"column":3}},"type":"if","locations":[{"start":{"line":98,"column":2},"end":{"line":119,"column":3}},{"start":{"line":110,"column":9},"end":{"line":119,"column":3}}],"line":98},"15":{"loc":{"start":{"line":98,"column":6},"end":{"line":98,"column":29}},"type":"binary-expr","locations":[{"start":{"line":98,"column":6},"end":{"line":98,"column":16}},{"start":{"line":98,"column":20},"end":{"line":98,"column":29}}],"line":98},"16":{"loc":{"start":{"line":103,"column":4},"end":{"line":109,"column":5}},"type":"if","locations":[{"start":{"line":103,"column":4},"end":{"line":109,"column":5}},{"start":{"line":106,"column":11},"end":{"line":109,"column":5}}],"line":103},"17":{"loc":{"start":{"line":110,"column":9},"end":{"line":119,"column":3}},"type":"if","locations":[{"start":{"line":110,"column":9},"end":{"line":119,"column":3}},{"start":{},"end":{}}],"line":110},"18":{"loc":{"start":{"line":114,"column":4},"end":{"line":118,"column":5}},"type":"if","locations":[{"start":{"line":114,"column":4},"end":{"line":118,"column":5}},{"start":{"line":116,"column":11},"end":{"line":118,"column":5}}],"line":114},"19":{"loc":{"start":{"line":114,"column":8},"end":{"line":114,"column":46}},"type":"binary-expr","locations":[{"start":{"line":114,"column":8},"end":{"line":114,"column":19}},{"start":{"line":114,"column":23},"end":{"line":114,"column":46}}],"line":114},"20":{"loc":{"start":{"line":125,"column":2},"end":{"line":127,"column":3}},"type":"if","locations":[{"start":{"line":125,"column":2},"end":{"line":127,"column":3}},{"start":{},"end":{}}],"line":125},"21":{"loc":{"start":{"line":125,"column":6},"end":{"line":125,"column":40}},"type":"binary-expr","locations":[{"start":{"line":125,"column":6},"end":{"line":125,"column":19}},{"start":{"line":125,"column":23},"end":{"line":125,"column":40}}],"line":125},"22":{"loc":{"start":{"line":138,"column":2},"end":{"line":140,"column":3}},"type":"if","locations":[{"start":{"line":138,"column":2},"end":{"line":140,"column":3}},{"start":{},"end":{}}],"line":138},"23":{"loc":{"start":{"line":138,"column":6},"end":{"line":138,"column":59}},"type":"binary-expr","locations":[{"start":{"line":138,"column":6},"end":{"line":138,"column":20}},{"start":{"line":138,"column":24},"end":{"line":138,"column":43}},{"start":{"line":138,"column":47},"end":{"line":138,"column":59}}],"line":138},"24":{"loc":{"start":{"line":144,"column":2},"end":{"line":146,"column":3}},"type":"if","locations":[{"start":{"line":144,"column":2},"end":{"line":146,"column":3}},{"start":{},"end":{}}],"line":144},"25":{"loc":{"start":{"line":144,"column":6},"end":{"line":144,"column":86}},"type":"binary-expr","locations":[{"start":{"line":144,"column":6},"end":{"line":144,"column":21}},{"start":{"line":144,"column":25},"end":{"line":144,"column":41}},{"start":{"line":144,"column":45},"end":{"line":144,"column":63}},{"start":{"line":144,"column":67},"end":{"line":144,"column":86}}],"line":144},"26":{"loc":{"start":{"line":150,"column":2},"end":{"line":152,"column":3}},"type":"if","locations":[{"start":{"line":150,"column":2},"end":{"line":152,"column":3}},{"start":{},"end":{}}],"line":150},"27":{"loc":{"start":{"line":150,"column":6},"end":{"line":150,"column":40}},"type":"binary-expr","locations":[{"start":{"line":150,"column":6},"end":{"line":150,"column":19}},{"start":{"line":150,"column":23},"end":{"line":150,"column":40}}],"line":150},"28":{"loc":{"start":{"line":165,"column":2},"end":{"line":167,"column":3}},"type":"if","locations":[{"start":{"line":165,"column":2},"end":{"line":167,"column":3}},{"start":{},"end":{}}],"line":165},"29":{"loc":{"start":{"line":165,"column":6},"end":{"line":165,"column":32}},"type":"binary-expr","locations":[{"start":{"line":165,"column":6},"end":{"line":165,"column":17}},{"start":{"line":165,"column":21},"end":{"line":165,"column":32}}],"line":165},"30":{"loc":{"start":{"line":180,"column":2},"end":{"line":182,"column":3}},"type":"if","locations":[{"start":{"line":180,"column":2},"end":{"line":182,"column":3}},{"start":{},"end":{}}],"line":180},"31":{"loc":{"start":{"line":180,"column":6},"end":{"line":180,"column":25}},"type":"binary-expr","locations":[{"start":{"line":180,"column":6},"end":{"line":180,"column":13}},{"start":{"line":180,"column":17},"end":{"line":180,"column":25}}],"line":180},"32":{"loc":{"start":{"line":195,"column":24},"end":{"line":195,"column":57}},"type":"binary-expr","locations":[{"start":{"line":195,"column":24},"end":{"line":195,"column":32}},{"start":{"line":195,"column":36},"end":{"line":195,"column":44}},{"start":{"line":195,"column":48},"end":{"line":195,"column":57}}],"line":195},"33":{"loc":{"start":{"line":197,"column":28},"end":{"line":197,"column":54}},"type":"binary-expr","locations":[{"start":{"line":197,"column":28},"end":{"line":197,"column":39}},{"start":{"line":197,"column":43},"end":{"line":197,"column":54}}],"line":197},"34":{"loc":{"start":{"line":216,"column":24},"end":{"line":216,"column":57}},"type":"binary-expr","locations":[{"start":{"line":216,"column":24},"end":{"line":216,"column":32}},{"start":{"line":216,"column":36},"end":{"line":216,"column":44}},{"start":{"line":216,"column":48},"end":{"line":216,"column":57}}],"line":216},"35":{"loc":{"start":{"line":217,"column":28},"end":{"line":217,"column":54}},"type":"binary-expr","locations":[{"start":{"line":217,"column":28},"end":{"line":217,"column":39}},{"start":{"line":217,"column":43},"end":{"line":217,"column":54}}],"line":217},"36":{"loc":{"start":{"line":223,"column":38},"end":{"line":223,"column":84}},"type":"binary-expr","locations":[{"start":{"line":223,"column":38},"end":{"line":223,"column":59}},{"start":{"line":223,"column":63},"end":{"line":223,"column":84}}],"line":223},"37":{"loc":{"start":{"line":237,"column":24},"end":{"line":237,"column":57}},"type":"binary-expr","locations":[{"start":{"line":237,"column":24},"end":{"line":237,"column":32}},{"start":{"line":237,"column":36},"end":{"line":237,"column":44}},{"start":{"line":237,"column":48},"end":{"line":237,"column":57}}],"line":237},"38":{"loc":{"start":{"line":238,"column":28},"end":{"line":238,"column":54}},"type":"binary-expr","locations":[{"start":{"line":238,"column":28},"end":{"line":238,"column":39}},{"start":{"line":238,"column":43},"end":{"line":238,"column":54}}],"line":238},"39":{"loc":{"start":{"line":244,"column":38},"end":{"line":244,"column":84}},"type":"binary-expr","locations":[{"start":{"line":244,"column":38},"end":{"line":244,"column":59}},{"start":{"line":244,"column":63},"end":{"line":244,"column":84}}],"line":244},"40":{"loc":{"start":{"line":257,"column":29},"end":{"line":257,"column":43}},"type":"default-arg","locations":[{"start":{"line":257,"column":41},"end":{"line":257,"column":43}}],"line":257},"41":{"loc":{"start":{"line":258,"column":2},"end":{"line":260,"column":3}},"type":"if","locations":[{"start":{"line":258,"column":2},"end":{"line":260,"column":3}},{"start":{},"end":{}}],"line":258},"42":{"loc":{"start":{"line":264,"column":4},"end":{"line":269,"column":5}},"type":"if","locations":[{"start":{"line":264,"column":4},"end":{"line":269,"column":5}},{"start":{},"end":{}}],"line":264},"43":{"loc":{"start":{"line":264,"column":8},"end":{"line":264,"column":85}},"type":"binary-expr","locations":[{"start":{"line":264,"column":8},"end":{"line":264,"column":35}},{"start":{"line":264,"column":39},"end":{"line":264,"column":61}},{"start":{"line":264,"column":65},"end":{"line":264,"column":85}}],"line":264},"44":{"loc":{"start":{"line":266,"column":6},"end":{"line":268,"column":7}},"type":"if","locations":[{"start":{"line":266,"column":6},"end":{"line":268,"column":7}},{"start":{},"end":{}}],"line":266},"45":{"loc":{"start":{"line":266,"column":10},"end":{"line":266,"column":53}},"type":"binary-expr","locations":[{"start":{"line":266,"column":10},"end":{"line":266,"column":25}},{"start":{"line":266,"column":29},"end":{"line":266,"column":53}}],"line":266},"46":{"loc":{"start":{"line":272,"column":4},"end":{"line":277,"column":5}},"type":"if","locations":[{"start":{"line":272,"column":4},"end":{"line":277,"column":5}},{"start":{},"end":{}}],"line":272},"47":{"loc":{"start":{"line":272,"column":8},"end":{"line":272,"column":58}},"type":"binary-expr","locations":[{"start":{"line":272,"column":8},"end":{"line":272,"column":24}},{"start":{"line":272,"column":28},"end":{"line":272,"column":58}}],"line":272},"48":{"loc":{"start":{"line":274,"column":6},"end":{"line":276,"column":7}},"type":"if","locations":[{"start":{"line":274,"column":6},"end":{"line":276,"column":7}},{"start":{},"end":{}}],"line":274},"49":{"loc":{"start":{"line":280,"column":4},"end":{"line":285,"column":5}},"type":"if","locations":[{"start":{"line":280,"column":4},"end":{"line":285,"column":5}},{"start":{},"end":{}}],"line":280},"50":{"loc":{"start":{"line":280,"column":8},"end":{"line":280,"column":60}},"type":"binary-expr","locations":[{"start":{"line":280,"column":8},"end":{"line":280,"column":25}},{"start":{"line":280,"column":29},"end":{"line":280,"column":60}}],"line":280},"51":{"loc":{"start":{"line":282,"column":6},"end":{"line":284,"column":7}},"type":"if","locations":[{"start":{"line":282,"column":6},"end":{"line":284,"column":7}},{"start":{},"end":{}}],"line":282},"52":{"loc":{"start":{"line":288,"column":4},"end":{"line":293,"column":5}},"type":"if","locations":[{"start":{"line":288,"column":4},"end":{"line":293,"column":5}},{"start":{},"end":{}}],"line":288},"53":{"loc":{"start":{"line":288,"column":8},"end":{"line":288,"column":85}},"type":"binary-expr","locations":[{"start":{"line":288,"column":8},"end":{"line":288,"column":35}},{"start":{"line":288,"column":39},"end":{"line":288,"column":61}},{"start":{"line":288,"column":65},"end":{"line":288,"column":85}}],"line":288},"54":{"loc":{"start":{"line":290,"column":6},"end":{"line":292,"column":7}},"type":"if","locations":[{"start":{"line":290,"column":6},"end":{"line":292,"column":7}},{"start":{},"end":{}}],"line":290},"55":{"loc":{"start":{"line":290,"column":10},"end":{"line":290,"column":53}},"type":"binary-expr","locations":[{"start":{"line":290,"column":10},"end":{"line":290,"column":25}},{"start":{"line":290,"column":29},"end":{"line":290,"column":53}}],"line":290},"56":{"loc":{"start":{"line":307,"column":2},"end":{"line":309,"column":3}},"type":"if","locations":[{"start":{"line":307,"column":2},"end":{"line":309,"column":3}},{"start":{},"end":{}}],"line":307},"57":{"loc":{"start":{"line":307,"column":6},"end":{"line":307,"column":37}},"type":"binary-expr","locations":[{"start":{"line":307,"column":6},"end":{"line":307,"column":27}},{"start":{"line":307,"column":31},"end":{"line":307,"column":37}}],"line":307},"58":{"loc":{"start":{"line":314,"column":4},"end":{"line":316,"column":5}},"type":"if","locations":[{"start":{"line":314,"column":4},"end":{"line":316,"column":5}},{"start":{},"end":{}}],"line":314},"59":{"loc":{"start":{"line":314,"column":8},"end":{"line":314,"column":100}},"type":"binary-expr","locations":[{"start":{"line":314,"column":8},"end":{"line":314,"column":33}},{"start":{"line":314,"column":37},"end":{"line":314,"column":57}},{"start":{"line":314,"column":61},"end":{"line":314,"column":79}},{"start":{"line":314,"column":83},"end":{"line":314,"column":100}}],"line":314},"60":{"loc":{"start":{"line":329,"column":2},"end":{"line":331,"column":3}},"type":"if","locations":[{"start":{"line":329,"column":2},"end":{"line":331,"column":3}},{"start":{},"end":{}}],"line":329},"61":{"loc":{"start":{"line":329,"column":6},"end":{"line":329,"column":42}},"type":"binary-expr","locations":[{"start":{"line":329,"column":6},"end":{"line":329,"column":27}},{"start":{"line":329,"column":31},"end":{"line":329,"column":42}}],"line":329},"62":{"loc":{"start":{"line":337,"column":4},"end":{"line":342,"column":5}},"type":"if","locations":[{"start":{"line":337,"column":4},"end":{"line":342,"column":5}},{"start":{},"end":{}}],"line":337},"63":{"loc":{"start":{"line":337,"column":8},"end":{"line":337,"column":76}},"type":"binary-expr","locations":[{"start":{"line":337,"column":8},"end":{"line":337,"column":27}},{"start":{"line":337,"column":31},"end":{"line":337,"column":45}},{"start":{"line":337,"column":49},"end":{"line":337,"column":61}},{"start":{"line":337,"column":65},"end":{"line":337,"column":76}}],"line":337},"64":{"loc":{"start":{"line":338,"column":6},"end":{"line":340,"column":7}},"type":"if","locations":[{"start":{"line":338,"column":6},"end":{"line":340,"column":7}},{"start":{},"end":{}}],"line":338},"65":{"loc":{"start":{"line":341,"column":27},"end":{"line":341,"column":46}},"type":"binary-expr","locations":[{"start":{"line":341,"column":27},"end":{"line":341,"column":41}},{"start":{"line":341,"column":45},"end":{"line":341,"column":46}}],"line":341}},"s":{"0":4423811,"1":1764338,"2":2659473,"3":861469,"4":235396,"5":626073,"6":626073,"7":204200,"8":421873,"9":20585,"10":401288,"11":21480,"12":379808,"13":861469,"14":861469,"15":1371133,"16":1019292,"17":351841,"18":351841,"19":1,"20":351840,"21":351840,"22":351840,"23":3,"24":3,"25":3,"26":2,"27":1,"28":351837,"29":4,"30":4,"31":4,"32":0,"33":351840,"34":351840,"35":1,"36":351839,"37":4307401,"38":1999735,"39":2307666,"40":2307666,"41":0,"42":2307666,"43":2307666,"44":3,"45":2307663,"46":861482,"47":861482,"48":235401,"49":626081,"50":861481,"51":861481,"52":235402,"53":626079,"54":351828,"55":274249,"56":235396,"57":7,"58":1,"59":6,"60":20,"61":12,"62":12,"63":8,"64":12,"65":6,"66":6,"67":1,"68":11,"69":4,"70":4,"71":2,"72":9,"73":0,"74":0,"75":0,"76":9,"77":5,"78":1,"79":4,"80":4,"81":13,"82":10,"83":4,"84":5,"85":1,"86":4,"87":4,"88":12,"89":12,"90":12,"91":8,"92":12,"93":4,"94":8,"95":9,"96":3},"f":{"0":4423811,"1":861469,"2":861469,"3":1371133,"4":4307401,"5":861482,"6":861481,"7":351828,"8":274249,"9":235396,"10":7,"11":20,"12":5,"13":13,"14":5,"15":12,"16":8,"17":9},"b":{"0":[1764338,2659473],"1":[4423811,4423810,2659474],"2":[235396,626073],"3":[204200,421873],"4":[626073,550904,550904,550904,550904],"5":[20585,401288],"6":[421873,421873,404853,404853,404853,404853],"7":[21480,379808],"8":[401288,386158,386158,386158,386158,386158,386158],"9":[861469,657269,636684],"10":[1019292,351841],"11":[1371133,1371132,351842],"12":[1,351840],"13":[351841,351841,351841,351840],"14":[3,351837],"15":[351840,9],"16":[2,1],"17":[4,351833],"18":[4,0],"19":[4,4],"20":[1,351839],"21":[351840,351839],"22":[1999735,2307666],"23":[4307401,4307398,2307667],"24":[0,2307666],"25":[2307666,2307666,2307666,2307666],"26":[3,2307663],"27":[2307666,2307663],"28":[235401,626081],"29":[861482,626082],"30":[235402,626079],"31":[861481,626080],"32":[351828,0,0],"33":[351828,0],"34":[274249,0,0],"35":[274249,0],"36":[274249,274248],"37":[235396,235396,235396],"38":[235396,235396],"39":[235396,235396],"40":[0],"41":[1,6],"42":[12,8],"43":[20,12,12],"44":[8,4],"45":[12,12],"46":[6,6],"47":[12,6],"48":[1,5],"49":[4,7],"50":[11,4],"51":[2,2],"52":[0,9],"53":[9,0,0],"54":[0,0],"55":[0,0],"56":[1,4],"57":[5,5],"58":[10,3],"59":[13,13,12,11],"60":[1,4],"61":[5,5],"62":[12,0],"63":[12,12,12,12],"64":[8,4],"65":[12,0]},"_coverageSchema":"1a1c01bbd47fc00a2c39e90264f33305004495a9","hash":"e8c2232957da42e6863cd3ffe678a3be94515287"}
}
