TN:
SF:src\config\index.js
FNF:0
FNH:0
DA:1,2
DA:3,2
DA:9,2
LF:3
LH:3
BRDA:4,0,0,2
BRDA:4,0,1,0
BRDA:5,1,0,2
BRDA:5,1,1,0
BRDA:6,2,0,2
BRDA:6,2,1,0
BRF:6
BRH:3
end_of_record
TN:
SF:src\controllers\cosechaController.js
FN:16,(anonymous_0)
FNF:1
FNH:0
FNDA:0,(anonymous_0)
DA:1,1
DA:17,0
DA:19,0
DA:22,0
DA:23,0
DA:24,0
DA:25,0
DA:28,0
DA:31,0
DA:32,0
DA:36,0
DA:39,0
DA:40,0
DA:52,1
LF:14
LH:2
BRDA:23,0,0,0
BRDA:23,0,1,0
BRDA:24,1,0,0
BRDA:24,1,1,0
BRDA:25,2,0,0
BRDA:25,2,1,0
BRDA:31,3,0,0
BRDA:31,3,1,0
BRDA:32,4,0,0
BRDA:32,4,1,0
BRF:10
BRH:0
end_of_record
TN:
SF:src\controllers\exploradorController.js
FN:20,(anonymous_0)
FNF:1
FNH:0
FNDA:0,(anonymous_0)
DA:1,1
DA:21,0
DA:22,0
DA:24,0
DA:25,0
DA:32,0
DA:34,0
DA:37,0
DA:38,0
DA:47,1
LF:10
LH:2
BRDA:24,0,0,0
BRDA:24,0,1,0
BRF:2
BRH:0
end_of_record
TN:
SF:src\controllers\generalController.js
FN:14,(anonymous_0)
FNF:1
FNH:0
FNDA:0,(anonymous_0)
DA:1,1
DA:15,0
DA:16,0
DA:18,0
DA:20,0
DA:23,0
DA:24,0
DA:33,1
LF:8
LH:2
BRDA:16,0,0,0
BRF:1
BRH:0
end_of_record
TN:
SF:src\data\dataStore.js
FN:15,setDesembarques
FN:23,getDesembarques
FN:31,setMateriaPrimaProduccion
FN:39,getMateriaPrimaProduccion
FN:47,setPlantas
FN:55,getPlantas
FN:63,getDataStats
FN:84,initializeData
FNF:8
FNH:1
FNDA:0,setDesembarques
FNDA:0,getDesembarques
FNDA:0,setMateriaPrimaProduccion
FNDA:0,getMateriaPrimaProduccion
FNDA:0,setPlantas
FNDA:0,getPlantas
FNDA:0,getDataStats
FNDA:1,initializeData
DA:7,2
DA:8,2
DA:9,2
DA:16,0
DA:24,0
DA:32,0
DA:40,0
DA:48,0
DA:56,0
DA:64,0
DA:85,1
DA:86,0
DA:87,0
DA:90,2
LF:14
LH:5
BRDA:85,0,0,0
BRDA:85,0,1,0
BRDA:86,1,0,0
BRDA:86,1,1,0
BRDA:87,2,0,0
BRDA:87,2,1,0
BRF:6
BRH:0
end_of_record
TN:
SF:src\routes\v1Routes.js
FNF:0
FNH:0
DA:1,1
DA:2,1
DA:3,1
DA:4,1
DA:5,1
DA:14,1
DA:29,1
DA:40,1
DA:42,1
LF:9
LH:9
BRF:0
BRH:0
end_of_record
TN:
SF:src\services\cosechaService.js
FN:19,(anonymous_0)
FN:48,(anonymous_1)
FN:62,(anonymous_2)
FN:76,(anonymous_3)
FN:85,(anonymous_4)
FN:94,(anonymous_5)
FN:160,(anonymous_6)
FN:165,(anonymous_7)
FN:194,(anonymous_8)
FN:197,(anonymous_9)
FN:210,(anonymous_10)
FN:214,(anonymous_11)
FN:233,(anonymous_12)
FN:238,(anonymous_13)
FNF:14
FNH:0
FNDA:0,(anonymous_0)
FNDA:0,(anonymous_1)
FNDA:0,(anonymous_2)
FNDA:0,(anonymous_3)
FNDA:0,(anonymous_4)
FNDA:0,(anonymous_5)
FNDA:0,(anonymous_6)
FNDA:0,(anonymous_7)
FNDA:0,(anonymous_8)
FNDA:0,(anonymous_9)
FNDA:0,(anonymous_10)
FNDA:0,(anonymous_11)
FNDA:0,(anonymous_12)
FNDA:0,(anonymous_13)
DA:1,1
DA:8,1
DA:20,0
DA:23,0
DA:24,0
DA:25,0
DA:29,0
DA:30,0
DA:34,0
DA:35,0
DA:38,0
DA:50,0
DA:63,0
DA:68,0
DA:77,0
DA:86,0
DA:95,0
DA:97,0
DA:99,0
DA:100,0
DA:110,0
DA:113,0
DA:115,0
DA:116,0
DA:127,0
DA:130,0
DA:133,0
DA:135,0
DA:144,0
DA:145,0
DA:161,0
DA:162,0
DA:163,0
DA:165,0
DA:167,0
DA:170,0
DA:171,0
DA:172,0
DA:176,0
DA:177,0
DA:178,0
DA:182,0
DA:195,0
DA:197,0
DA:198,0
DA:199,0
DA:201,0
DA:202,0
DA:204,0
DA:209,0
DA:210,0
DA:216,0
DA:217,0
DA:218,0
DA:219,0
DA:221,0
DA:224,0
DA:235,0
DA:238,0
DA:245,1
LF:60
LH:3
BRDA:23,0,0,0
BRDA:23,0,1,0
BRDA:25,1,0,0
BRDA:25,1,1,0
BRDA:29,2,0,0
BRDA:29,2,1,0
BRDA:34,3,0,0
BRDA:34,3,1,0
BRDA:63,4,0,0
BRDA:63,4,1,0
BRDA:63,4,2,0
BRDA:63,4,3,0
BRDA:63,4,4,0
BRDA:63,4,5,0
BRDA:63,4,6,0
BRDA:63,4,7,0
BRDA:63,4,8,0
BRDA:68,5,0,0
BRDA:68,5,1,0
BRDA:68,6,0,0
BRDA:68,6,1,0
BRDA:77,7,0,0
BRDA:77,7,1,0
BRDA:77,7,2,0
BRDA:77,7,3,0
BRDA:77,7,4,0
BRDA:86,8,0,0
BRDA:86,8,1,0
BRDA:86,8,2,0
BRDA:94,9,0,0
BRDA:99,10,0,0
BRDA:99,10,1,0
BRDA:99,11,0,0
BRDA:99,11,1,0
BRDA:115,12,0,0
BRDA:115,12,1,0
BRDA:171,13,0,0
BRDA:171,13,1,0
BRDA:171,14,0,0
BRDA:171,14,1,0
BRDA:177,15,0,0
BRDA:177,15,1,0
BRDA:177,16,0,0
BRDA:177,16,1,0
BRDA:201,17,0,0
BRDA:201,17,1,0
BRDA:218,18,0,0
BRDA:218,18,1,0
BRDA:218,19,0,0
BRDA:218,19,1,0
BRF:50
BRH:0
end_of_record
TN:
SF:src\services\dataLoaderService.js
FN:22,(anonymous_0)
FN:23,(anonymous_1)
FN:37,(anonymous_2)
FN:42,(anonymous_3)
FN:46,(anonymous_4)
FN:58,(anonymous_5)
FN:67,(anonymous_6)
FN:76,(anonymous_7)
FN:84,(anonymous_8)
FN:126,(anonymous_9)
FN:127,(anonymous_10)
FN:142,(anonymous_11)
FN:160,(anonymous_12)
FN:168,(anonymous_13)
FNF:14
FNH:7
FNDA:0,(anonymous_0)
FNDA:0,(anonymous_1)
FNDA:0,(anonymous_2)
FNDA:0,(anonymous_3)
FNDA:0,(anonymous_4)
FNDA:351826,(anonymous_5)
FNDA:274248,(anonymous_6)
FNDA:235396,(anonymous_7)
FNDA:2,(anonymous_8)
FNDA:8,(anonymous_9)
FNDA:8,(anonymous_10)
FNDA:861469,(anonymous_11)
FNDA:0,(anonymous_12)
FNDA:0,(anonymous_13)
DA:1,2
DA:2,2
DA:3,2
DA:4,2
DA:10,2
DA:23,0
DA:24,0
DA:25,0
DA:28,0
DA:29,0
DA:30,0
DA:33,0
DA:35,0
DA:39,0
DA:40,0
DA:43,0
DA:44,0
DA:47,0
DA:48,0
DA:59,351826
DA:68,274248
DA:77,235396
DA:85,2
DA:86,2
DA:89,2
DA:91,2
DA:106,0
DA:108,0
DA:114,0
DA:115,0
DA:127,8
DA:128,8
DA:129,8
DA:130,8
DA:133,8
DA:134,2
DA:135,2
DA:138,6
DA:140,6
DA:143,861469
DA:146,861469
DA:149,861469
DA:150,861469
DA:151,861469
DA:152,246265
DA:154,615204
DA:157,0
DA:161,0
DA:162,0
DA:164,0
DA:166,0
DA:169,0
DA:170,0
DA:176,2
LF:54
LH:29
BRDA:22,0,0,0
BRDA:28,1,0,0
BRDA:28,1,1,0
BRDA:39,2,0,0
BRDA:39,2,1,0
BRDA:126,3,0,0
BRDA:126,4,0,8
BRDA:133,5,0,2
BRDA:133,5,1,6
BRDA:146,6,0,861469
BRDA:146,6,1,0
BRDA:149,7,0,861469
BRDA:149,7,1,0
BRDA:150,8,0,861469
BRDA:150,8,1,235396
BRDA:150,8,2,235396
BRDA:151,9,0,246265
BRDA:151,9,1,615204
BRDA:161,10,0,0
BRDA:161,10,1,0
BRF:20
BRH:10
end_of_record
TN:
SF:src\services\exploradorService.js
FN:19,(anonymous_0)
FN:48,(anonymous_1)
FN:86,(anonymous_2)
FN:93,(anonymous_3)
FN:105,(anonymous_4)
FN:113,(anonymous_5)
FN:130,(anonymous_6)
FN:134,(anonymous_7)
FN:137,(anonymous_8)
FN:142,(anonymous_9)
FN:166,(anonymous_10)
FN:175,(anonymous_11)
FN:200,(anonymous_12)
FN:201,(anonymous_13)
FN:204,(anonymous_14)
FN:205,(anonymous_15)
FN:216,(anonymous_16)
FNF:17
FNH:0
FNDA:0,(anonymous_0)
FNDA:0,(anonymous_1)
FNDA:0,(anonymous_2)
FNDA:0,(anonymous_3)
FNDA:0,(anonymous_4)
FNDA:0,(anonymous_5)
FNDA:0,(anonymous_6)
FNDA:0,(anonymous_7)
FNDA:0,(anonymous_8)
FNDA:0,(anonymous_9)
FNDA:0,(anonymous_10)
FNDA:0,(anonymous_11)
FNDA:0,(anonymous_12)
FNDA:0,(anonymous_13)
FNDA:0,(anonymous_14)
FNDA:0,(anonymous_15)
FNDA:0,(anonymous_16)
DA:1,1
DA:8,1
DA:20,0
DA:25,0
DA:31,0
DA:36,0
DA:39,0
DA:49,0
DA:51,0
DA:52,0
DA:55,0
DA:56,0
DA:57,0
DA:60,0
DA:61,0
DA:62,0
DA:65,0
DA:66,0
DA:69,0
DA:70,0
DA:73,0
DA:74,0
DA:77,0
DA:87,0
DA:88,0
DA:91,0
DA:93,0
DA:94,0
DA:95,0
DA:106,0
DA:113,0
DA:114,0
DA:115,0
DA:118,0
DA:119,0
DA:120,0
DA:123,0
DA:124,0
DA:129,0
DA:130,0
DA:131,0
DA:133,0
DA:134,0
DA:135,0
DA:137,0
DA:138,0
DA:140,0
DA:141,0
DA:142,0
DA:143,0
DA:145,0
DA:148,0
DA:167,0
DA:170,0
DA:173,0
DA:175,0
DA:176,0
DA:177,0
DA:179,0
DA:181,0
DA:182,0
DA:183,0
DA:184,0
DA:188,0
DA:189,0
DA:193,0
DA:194,0
DA:198,0
DA:200,0
DA:201,0
DA:204,0
DA:205,0
DA:217,0
DA:218,0
DA:220,0
DA:221,0
DA:228,0
DA:230,0
DA:231,0
DA:241,0
DA:244,0
DA:247,0
DA:248,0
DA:252,0
DA:253,0
DA:255,0
DA:256,0
DA:259,0
DA:260,0
DA:276,0
DA:279,0
DA:281,0
DA:290,0
DA:291,0
DA:300,1
LF:95
LH:3
BRDA:20,0,0,0
BRDA:20,0,1,0
BRDA:20,0,2,0
BRDA:20,0,3,0
BRDA:20,0,4,0
BRDA:20,0,5,0
BRDA:20,0,6,0
BRDA:20,0,7,0
BRDA:20,0,8,0
BRDA:20,0,9,0
BRDA:20,0,10,0
BRDA:20,0,11,0
BRDA:51,1,0,0
BRDA:51,1,1,0
BRDA:55,2,0,0
BRDA:55,2,1,0
BRDA:55,3,0,0
BRDA:55,3,1,0
BRDA:56,4,0,0
BRDA:56,4,1,0
BRDA:57,5,0,0
BRDA:57,5,1,0
BRDA:60,6,0,0
BRDA:60,6,1,0
BRDA:62,7,0,0
BRDA:62,7,1,0
BRDA:62,8,0,0
BRDA:62,8,1,0
BRDA:65,9,0,0
BRDA:65,9,1,0
BRDA:69,10,0,0
BRDA:69,10,1,0
BRDA:73,11,0,0
BRDA:73,11,1,0
BRDA:87,12,0,0
BRDA:87,12,1,0
BRDA:87,13,0,0
BRDA:87,13,1,0
BRDA:94,14,0,0
BRDA:94,14,1,0
BRDA:94,14,2,0
BRDA:114,15,0,0
BRDA:114,15,1,0
BRDA:114,16,0,0
BRDA:114,16,1,0
BRDA:115,17,0,0
BRDA:115,17,1,0
BRDA:118,18,0,0
BRDA:118,18,1,0
BRDA:118,19,0,0
BRDA:118,19,1,0
BRDA:119,20,0,0
BRDA:119,20,1,0
BRDA:123,21,0,0
BRDA:123,21,1,0
BRDA:123,22,0,0
BRDA:123,22,1,0
BRDA:124,23,0,0
BRDA:124,23,1,0
BRDA:129,24,0,0
BRDA:129,24,1,0
BRDA:129,25,0,0
BRDA:129,25,1,0
BRDA:131,26,0,0
BRDA:131,26,1,0
BRDA:133,27,0,0
BRDA:133,27,1,0
BRDA:135,28,0,0
BRDA:135,28,1,0
BRDA:138,29,0,0
BRDA:138,29,1,0
BRDA:140,30,0,0
BRDA:140,30,1,0
BRDA:143,31,0,0
BRDA:143,31,1,0
BRDA:153,32,0,0
BRDA:153,32,1,0
BRDA:154,33,0,0
BRDA:154,33,1,0
BRDA:155,34,0,0
BRDA:155,34,1,0
BRDA:156,35,0,0
BRDA:156,35,1,0
BRDA:176,36,0,0
BRDA:176,36,1,0
BRDA:176,36,2,0
BRDA:177,37,0,0
BRDA:177,37,1,0
BRDA:177,37,2,0
BRDA:181,38,0,0
BRDA:181,38,1,0
BRDA:181,39,0,0
BRDA:181,39,1,0
BRDA:182,40,0,0
BRDA:182,40,1,0
BRDA:183,41,0,0
BRDA:183,41,1,0
BRDA:184,42,0,0
BRDA:184,42,1,0
BRDA:184,42,2,0
BRDA:188,43,0,0
BRDA:188,43,1,0
BRDA:189,44,0,0
BRDA:189,44,1,0
BRDA:193,45,0,0
BRDA:193,45,1,0
BRDA:193,46,0,0
BRDA:193,46,1,0
BRDA:194,47,0,0
BRDA:194,47,1,0
BRDA:216,48,0,0
BRDA:220,49,0,0
BRDA:220,49,1,0
BRDA:230,50,0,0
BRDA:230,50,1,0
BRDA:230,51,0,0
BRDA:230,51,1,0
BRDA:247,52,0,0
BRDA:247,52,1,0
BRDA:255,53,0,0
BRDA:255,53,1,0
BRDA:259,54,0,0
BRDA:259,54,1,0
BRF:123
BRH:0
end_of_record
TN:
SF:src\services\generalService.js
FN:19,(anonymous_0)
FN:26,(anonymous_1)
FN:37,(anonymous_2)
FN:38,(anonymous_3)
FN:49,(anonymous_4)
FN:50,(anonymous_5)
FN:61,(anonymous_6)
FN:64,(anonymous_7)
FN:80,(anonymous_8)
FN:83,(anonymous_9)
FN:96,(anonymous_10)
FN:100,(anonymous_11)
FN:110,(anonymous_12)
FN:114,(anonymous_13)
FN:127,(anonymous_14)
FN:140,(anonymous_15)
FN:147,(anonymous_16)
FN:155,(anonymous_17)
FNF:18
FNH:0
FNDA:0,(anonymous_0)
FNDA:0,(anonymous_1)
FNDA:0,(anonymous_2)
FNDA:0,(anonymous_3)
FNDA:0,(anonymous_4)
FNDA:0,(anonymous_5)
FNDA:0,(anonymous_6)
FNDA:0,(anonymous_7)
FNDA:0,(anonymous_8)
FNDA:0,(anonymous_9)
FNDA:0,(anonymous_10)
FNDA:0,(anonymous_11)
FNDA:0,(anonymous_12)
FNDA:0,(anonymous_13)
FNDA:0,(anonymous_14)
FNDA:0,(anonymous_15)
FNDA:0,(anonymous_16)
FNDA:0,(anonymous_17)
DA:1,1
DA:7,1
DA:20,0
DA:21,0
DA:24,0
DA:26,0
DA:27,0
DA:28,0
DA:38,0
DA:39,0
DA:40,0
DA:50,0
DA:51,0
DA:52,0
DA:62,0
DA:64,0
DA:65,0
DA:66,0
DA:67,0
DA:71,0
DA:81,0
DA:83,0
DA:84,0
DA:85,0
DA:87,0
DA:88,0
DA:95,0
DA:96,0
DA:100,0
DA:111,0
DA:114,0
DA:115,0
DA:116,0
DA:117,0
DA:118,0
DA:120,0
DA:121,0
DA:126,0
DA:127,0
DA:128,0
DA:129,0
DA:131,0
DA:132,0
DA:133,0
DA:135,0
DA:140,0
DA:141,0
DA:142,0
DA:146,0
DA:147,0
DA:156,0
DA:158,0
DA:159,0
DA:160,0
DA:162,0
DA:163,0
DA:178,0
DA:179,0
DA:180,0
DA:183,0
DA:184,0
DA:185,0
DA:188,0
DA:191,0
DA:193,0
DA:206,0
DA:207,0
DA:223,1
LF:68
LH:3
BRDA:20,0,0,0
BRDA:20,0,1,0
BRDA:20,1,0,0
BRDA:20,1,1,0
BRDA:27,2,0,0
BRDA:27,2,1,0
BRDA:27,2,2,0
BRDA:39,3,0,0
BRDA:39,3,1,0
BRDA:51,4,0,0
BRDA:51,4,1,0
BRDA:51,4,2,0
BRDA:65,5,0,0
BRDA:65,5,1,0
BRDA:66,6,0,0
BRDA:66,6,1,0
BRDA:80,7,0,0
BRDA:84,8,0,0
BRDA:84,8,1,0
BRDA:84,8,2,0
BRDA:85,9,0,0
BRDA:85,9,1,0
BRDA:85,9,2,0
BRDA:85,9,3,0
BRDA:87,10,0,0
BRDA:87,10,1,0
BRDA:87,11,0,0
BRDA:87,11,1,0
BRDA:90,12,0,0
BRDA:90,12,1,0
BRDA:115,13,0,0
BRDA:115,13,1,0
BRDA:115,13,2,0
BRDA:116,14,0,0
BRDA:116,14,1,0
BRDA:117,15,0,0
BRDA:117,15,1,0
BRDA:120,16,0,0
BRDA:120,16,1,0
BRDA:128,17,0,0
BRDA:128,17,1,0
BRDA:128,17,2,0
BRDA:129,18,0,0
BRDA:129,18,1,0
BRDA:131,19,0,0
BRDA:131,19,1,0
BRDA:131,20,0,0
BRDA:131,20,1,0
BRDA:132,21,0,0
BRDA:132,21,1,0
BRDA:141,22,0,0
BRDA:141,22,1,0
BRDA:155,23,0,0
BRDA:162,24,0,0
BRDA:162,24,1,0
BRDA:162,25,0,0
BRDA:162,25,1,0
BRDA:162,25,2,0
BRF:58
BRH:0
end_of_record
TN:
SF:src\utils\normalizar.js
FN:11,normalizarTexto
FN:24,normalizarRegion
FN:68,esRegionMacroZonaSur
FN:81,parsearDecimal
FN:137,parsearEntero
FN:162,normalizarAnio
FN:177,normalizarMes
FN:192,normalizarDesembarque
FN:213,normalizarMateriaPrima
FN:234,normalizarPlanta
FN:257,filtrarDatos
FN:262,(anonymous_11)
FN:306,obtenerValoresUnicos
FN:313,(anonymous_13)
FN:328,agruparYSumar
FN:335,(anonymous_15)
FN:346,(anonymous_16)
FN:347,(anonymous_17)
FNF:18
FNH:18
FNDA:4423811,normalizarTexto
FNDA:861469,normalizarRegion
FNDA:861469,esRegionMacroZonaSur
FNDA:1371133,parsearDecimal
FNDA:4307401,parsearEntero
FNDA:861482,normalizarAnio
FNDA:861481,normalizarMes
FNDA:351828,normalizarDesembarque
FNDA:274249,normalizarMateriaPrima
FNDA:235396,normalizarPlanta
FNDA:7,filtrarDatos
FNDA:20,(anonymous_11)
FNDA:5,obtenerValoresUnicos
FNDA:13,(anonymous_13)
FNDA:5,agruparYSumar
FNDA:12,(anonymous_15)
FNDA:8,(anonymous_16)
FNDA:9,(anonymous_17)
DA:12,4423811
DA:13,1764338
DA:15,2659473
DA:25,861469
DA:27,626073
DA:30,626073
DA:35,204200
DA:39,421873
DA:45,20585
DA:49,401288
DA:56,21480
DA:60,379808
DA:69,861469
DA:70,861469
DA:82,1371133
DA:83,1019292
DA:87,351841
DA:89,351841
DA:90,1
DA:95,351840
DA:96,351840
DA:98,351840
DA:100,3
DA:101,3
DA:103,3
DA:105,2
DA:108,1
DA:110,351837
DA:113,4
DA:114,4
DA:115,4
DA:117,0
DA:122,351840
DA:125,351840
DA:126,1
DA:129,351839
DA:138,4307401
DA:139,1999735
DA:142,2307666
DA:144,2307666
DA:145,0
DA:148,2307666
DA:150,2307666
DA:151,3
DA:154,2307663
DA:163,861482
DA:165,861482
DA:166,235401
DA:169,626081
DA:178,861481
DA:180,861481
DA:181,235402
DA:184,626079
DA:193,351828
DA:214,274249
DA:235,235396
DA:258,7
DA:259,1
DA:262,6
DA:264,20
DA:265,12
DA:266,12
DA:267,8
DA:272,12
DA:273,6
DA:274,6
DA:275,1
DA:280,11
DA:281,4
DA:282,4
DA:283,2
DA:288,9
DA:289,0
DA:290,0
DA:291,0
DA:295,9
DA:307,5
DA:308,1
DA:311,4
DA:313,4
DA:314,13
DA:315,10
DA:319,4
DA:329,5
DA:330,1
DA:333,4
DA:335,4
DA:336,12
DA:337,12
DA:338,12
DA:339,8
DA:341,12
DA:345,4
DA:346,8
DA:347,9
DA:350,3
LF:96
LH:91
BRDA:12,0,0,1764338
BRDA:12,0,1,2659473
BRDA:12,1,0,4423811
BRDA:12,1,1,4423810
BRDA:12,1,2,2659474
BRDA:25,2,0,235396
BRDA:25,2,1,626073
BRDA:30,3,0,204200
BRDA:30,3,1,421873
BRDA:30,4,0,626073
BRDA:30,4,1,550904
BRDA:30,4,2,550904
BRDA:30,4,3,550904
BRDA:30,4,4,550904
BRDA:39,5,0,20585
BRDA:39,5,1,401288
BRDA:39,6,0,421873
BRDA:39,6,1,421873
BRDA:39,6,2,404853
BRDA:39,6,3,404853
BRDA:39,6,4,404853
BRDA:39,6,5,404853
BRDA:49,7,0,21480
BRDA:49,7,1,379808
BRDA:49,8,0,401288
BRDA:49,8,1,386158
BRDA:49,8,2,386158
BRDA:49,8,3,386158
BRDA:49,8,4,386158
BRDA:49,8,5,386158
BRDA:49,8,6,386158
BRDA:70,9,0,861469
BRDA:70,9,1,657269
BRDA:70,9,2,636684
BRDA:82,10,0,1019292
BRDA:82,10,1,351841
BRDA:82,11,0,1371133
BRDA:82,11,1,1371132
BRDA:82,11,2,351842
BRDA:89,12,0,1
BRDA:89,12,1,351840
BRDA:89,13,0,351841
BRDA:89,13,1,351841
BRDA:89,13,2,351841
BRDA:89,13,3,351840
BRDA:98,14,0,3
BRDA:98,14,1,351837
BRDA:98,15,0,351840
BRDA:98,15,1,9
BRDA:103,16,0,2
BRDA:103,16,1,1
BRDA:110,17,0,4
BRDA:110,17,1,351833
BRDA:114,18,0,4
BRDA:114,18,1,0
BRDA:114,19,0,4
BRDA:114,19,1,4
BRDA:125,20,0,1
BRDA:125,20,1,351839
BRDA:125,21,0,351840
BRDA:125,21,1,351839
BRDA:138,22,0,1999735
BRDA:138,22,1,2307666
BRDA:138,23,0,4307401
BRDA:138,23,1,4307398
BRDA:138,23,2,2307667
BRDA:144,24,0,0
BRDA:144,24,1,2307666
BRDA:144,25,0,2307666
BRDA:144,25,1,2307666
BRDA:144,25,2,2307666
BRDA:144,25,3,2307666
BRDA:150,26,0,3
BRDA:150,26,1,2307663
BRDA:150,27,0,2307666
BRDA:150,27,1,2307663
BRDA:165,28,0,235401
BRDA:165,28,1,626081
BRDA:165,29,0,861482
BRDA:165,29,1,626082
BRDA:180,30,0,235402
BRDA:180,30,1,626079
BRDA:180,31,0,861481
BRDA:180,31,1,626080
BRDA:195,32,0,351828
BRDA:195,32,1,0
BRDA:195,32,2,0
BRDA:197,33,0,351828
BRDA:197,33,1,0
BRDA:216,34,0,274249
BRDA:216,34,1,0
BRDA:216,34,2,0
BRDA:217,35,0,274249
BRDA:217,35,1,0
BRDA:223,36,0,274249
BRDA:223,36,1,274248
BRDA:237,37,0,235396
BRDA:237,37,1,235396
BRDA:237,37,2,235396
BRDA:238,38,0,235396
BRDA:238,38,1,235396
BRDA:244,39,0,235396
BRDA:244,39,1,235396
BRDA:257,40,0,0
BRDA:258,41,0,1
BRDA:258,41,1,6
BRDA:264,42,0,12
BRDA:264,42,1,8
BRDA:264,43,0,20
BRDA:264,43,1,12
BRDA:264,43,2,12
BRDA:266,44,0,8
BRDA:266,44,1,4
BRDA:266,45,0,12
BRDA:266,45,1,12
BRDA:272,46,0,6
BRDA:272,46,1,6
BRDA:272,47,0,12
BRDA:272,47,1,6
BRDA:274,48,0,1
BRDA:274,48,1,5
BRDA:280,49,0,4
BRDA:280,49,1,7
BRDA:280,50,0,11
BRDA:280,50,1,4
BRDA:282,51,0,2
BRDA:282,51,1,2
BRDA:288,52,0,0
BRDA:288,52,1,9
BRDA:288,53,0,9
BRDA:288,53,1,0
BRDA:288,53,2,0
BRDA:290,54,0,0
BRDA:290,54,1,0
BRDA:290,55,0,0
BRDA:290,55,1,0
BRDA:307,56,0,1
BRDA:307,56,1,4
BRDA:307,57,0,5
BRDA:307,57,1,5
BRDA:314,58,0,10
BRDA:314,58,1,3
BRDA:314,59,0,13
BRDA:314,59,1,13
BRDA:314,59,2,12
BRDA:314,59,3,11
BRDA:329,60,0,1
BRDA:329,60,1,4
BRDA:329,61,0,5
BRDA:329,61,1,5
BRDA:337,62,0,12
BRDA:337,62,1,0
BRDA:337,63,0,12
BRDA:337,63,1,12
BRDA:337,63,2,12
BRDA:337,63,3,12
BRDA:338,64,0,8
BRDA:338,64,1,4
BRDA:341,65,0,12
BRDA:341,65,1,0
BRF:160
BRH:142
end_of_record
